#
# A fatal error has been detected by the Java Runtime Environment:
#
#  EXCEPTION_ACCESS_VIOLATION (0xc0000005) at pc=0x00007ff8a341864d, pid=6824, tid=18112
#
# JRE version: Java(TM) SE Runtime Environment 18.9 (11.0.9+7) (build 11.0.9+7-LTS)
# Java VM: Java HotSpot(TM) 64-Bit Server VM 18.9 (11.0.9+7-LTS, mixed mode, tiered, compressed oops, g1 gc, windows-amd64)
# Problematic frame:
# V  [jvm.dll+0x72864d]
#
# No core dump will be written. Minidumps are not enabled by default on client versions of Windows
#
# If you would like to submit a bug report, please visit:
#   https://bugreport.java.com/bugreport/crash.jsp
#

---------------  S U M M A R Y ------------

Command Line: -agentlib:jdwp=transport=dt_socket,address=127.0.0.1:53729,suspend=y,server=n -javaagent:C:\Users\ange\AppData\Local\JetBrains\Toolbox\apps\IDEA-U\ch-0\203.7148.57\plugins\java\lib\rt\debugger-agent.jar -Dfile.encoding=UTF-8 MainKt

Host: AMD Ryzen 5 5600X 6-Core Processor             , 12 cores, 31G,  Windows 10 , 64 bit Build 19041 (10.0.19041.804)
Time: Wed Mar 17 20:35:35 2021 Romance Standard Time elapsed time: 15.704829 seconds (0d 0h 0m 15s)

---------------  T H R E A D  ---------------

Current thread (0x000001684ed8b000):  JavaThread "main" [_thread_in_vm, id=18112, stack(0x00000012b2f00000,0x00000012b3000000)]

Stack: [0x00000012b2f00000,0x00000012b3000000],  sp=0x00000012b2ffed00,  free space=1019k
Native frames: (J=compiled Java code, j=interpreted, Vv=VM code, C=native code)
V  [jvm.dll+0x72864d]
C  0x0000016857225cf6

Java frames: (J=compiled Java code, j=interpreted, Vv=VM code)
j  jdk.internal.misc.Unsafe.putLong(Ljava/lang/Object;JJ)V+0 java.base@11.0.9
j  sun.misc.Unsafe.putLong(Ljava/lang/Object;JJ)V+7 jdk.unsupported@11.0.9
j  org.joml.MemUtil$MemUtilUnsafe.putLong(Ljava/lang/Object;JJ)V+6
j  org.joml.MemUtil$MemUtilUnsafe.put(Lorg/joml/Matrix4f;J)V+34
j  org.joml.MemUtil$MemUtilUnsafe.put(Lorg/joml/Matrix4f;ILjava/nio/FloatBuffer;)V+28
j  org.joml.Matrix4f.get(ILjava/nio/FloatBuffer;)Ljava/nio/FloatBuffer;+6
j  org.joml.Matrix4f.get(Ljava/nio/FloatBuffer;)Ljava/nio/FloatBuffer;+6
j  Shader.setUniformM4f(Ljava/lang/String;Lorg/joml/Matrix4f;)V+23
j  AppIml.tick-LRDsOJo(D)V+39
j  App.launch()V+37
j  MainKt.main()V+9
j  MainKt.main([Ljava/lang/String;)V+0
v  ~StubRoutines::call_stub

siginfo: EXCEPTION_ACCESS_VIOLATION (0xc0000005), writing address 0x0000000000000010


Register to memory mapping:

RIP=0x00007ff8a341864d jvm.dll
RAX=0x000000003fddb3d8 is an unknown value
RBX=0x000001684ed8b000 is a thread
RCX=0x000001684ed8b000 is a thread
RDX=0x00000012b2ffee28 is pointing into the stack for thread: 0x000001684ed8b000
RSP=0x00000012b2ffed00 is pointing into the stack for thread: 0x000001684ed8b000
RBP=0x000001684ed8b000 is a thread
RSI=0x0 is NULL
RDI=0x000001685721bb00 is at code_begin+3744 in an Interpreter codelet
invoke return entry points  [0x000001685721ac60, 0x000001685721ccc0]  8288 bytes
R8 =0x0 is NULL
R9 =0x0000000000000010 is an unknown value
R10=0x0000016857225cc7 is at code_begin+1959 in an Interpreter codelet
method entry point (kind = native)  [0x0000016857225520, 0x00000168572268c0]  5024 bytes
R11=0x0000000000000101 is an unknown value
R12=0x0 is NULL
R13=0x000001687c543038 is pointing into metadata
R14=0x0000000000000010 is an unknown value
R15=0x000001684ed8b000 is a thread


Registers:
RAX=0x000000003fddb3d8, RBX=0x000001684ed8b000, RCX=0x000001684ed8b000, RDX=0x00000012b2ffee28
RSP=0x00000012b2ffed00, RBP=0x000001684ed8b000, RSI=0x0000000000000000, RDI=0x000001685721bb00
R8 =0x0000000000000000, R9 =0x0000000000000010, R10=0x0000016857225cc7, R11=0x0000000000000101
R12=0x0000000000000000, R13=0x000001687c543038, R14=0x0000000000000010, R15=0x000001684ed8b000
RIP=0x00007ff8a341864d, EFLAGS=0x0000000000010246

Top of Stack: (sp=0x00000012b2ffed00)
0x00000012b2ffed00:   00000012b2ffed98 0000016857225789
0x00000012b2ffed10:   0000016857218690 0000016800000000
0x00000012b2ffed20:   00000012b2ffee28 000001685721bba1
0x00000012b2ffed30:   0000000000000148 0000016857225cf6
0x00000012b2ffed40:   000001684ed8b000 000001687c543040
0x00000012b2ffed50:   00000012b2ffede0 00000012b2ffed98
0x00000012b2ffed60:   000000003fddb3d8 00000168572257e2
0x00000012b2ffed70:   000001684ed8b000 000001687c543040
0x00000012b2ffed80:   0000000000000148 00000012b2ffee30
0x00000012b2ffed90:   0000016857225789 00000012b2ffed98
0x00000012b2ffeda0:   000001687c543038 00000012b2ffee28
0x00000012b2ffedb0:   000001687c595940 0000000000000000
0x00000012b2ffedc0:   000000061f810438 000001687c543040
0x00000012b2ffedd0:   0000000000000000 00000012b2ffee00
0x00000012b2ffede0:   00000012b2ffee78 000001685721c9ac
0x00000012b2ffedf0:   0000000000000000 0000016857220bf8 

Instructions: (pc=0x00007ff8a341864d)
0x00007ff8a341862d:   00 48 8b c8 48 85 c0 74 0b 48 8b 44 24 60 4a 89
0x00007ff8a341863d:   04 31 eb 16 48 8b 44 24 60 c6 83 dc 03 00 00 01
0x00007ff8a341864d:   49 89 06 c6 83 dc 03 00 00 00 48 8b 9b f0 00 00
0x00007ff8a341865d:   00 48 8b 43 10 48 8b 7b 08 48 83 38 00 74 19 48 


Stack slot to memory mapping:
stack at sp + 0 slots: 0x00000012b2ffed98 is pointing into the stack for thread: 0x000001684ed8b000
stack at sp + 1 slots: 0x0000016857225789 is at code_begin+617 in an Interpreter codelet
method entry point (kind = native)  [0x0000016857225520, 0x00000168572268c0]  5024 bytes
stack at sp + 2 slots: 0x0000016857218690 is at code_begin+-112 in 
[CodeBlob (0x0000016857218690)]
Framesize: 0
BufferBlob (0x0000016857218690) used for Interpreter
stack at sp + 3 slots: 0x0000016800000000 points into unknown readable memory: 00 00 00 00 00 00 00 00
stack at sp + 4 slots: 0x00000012b2ffee28 is pointing into the stack for thread: 0x000001684ed8b000
stack at sp + 5 slots: 0x000001685721bba1 is at code_begin+3905 in an Interpreter codelet
invoke return entry points  [0x000001685721ac60, 0x000001685721ccc0]  8288 bytes
stack at sp + 6 slots: 0x0000000000000148 is an unknown value
stack at sp + 7 slots: 0x0000016857225cf6 is at code_begin+2006 in an Interpreter codelet
method entry point (kind = native)  [0x0000016857225520, 0x00000168572268c0]  5024 bytes


---------------  P R O C E S S  ---------------

Threads class SMR info:
_java_thread_list=0x000001687d495f60, length=13, elements={
0x000001684ed8b000, 0x000001687cda5800, 0x000001687cda6800, 0x000001687ce1e800,
0x000001687ce1f800, 0x000001687ce20800, 0x000001687ce2d000, 0x000001687ce34000,
0x000001687cfa8800, 0x000001687d275800, 0x000001687d1e3000, 0x000001687d1e4000,
0x000001687d20f000
}

Java Threads: ( => current thread )
=>0x000001684ed8b000 JavaThread "main" [_thread_in_vm, id=18112, stack(0x00000012b2f00000,0x00000012b3000000)]
  0x000001687cda5800 JavaThread "Reference Handler" daemon [_thread_blocked, id=14808, stack(0x00000012b3600000,0x00000012b3700000)]
  0x000001687cda6800 JavaThread "Finalizer" daemon [_thread_blocked, id=19076, stack(0x00000012b3700000,0x00000012b3800000)]
  0x000001687ce1e800 JavaThread "Signal Dispatcher" daemon [_thread_blocked, id=12456, stack(0x00000012b3800000,0x00000012b3900000)]
  0x000001687ce1f800 JavaThread "Attach Listener" daemon [_thread_blocked, id=18448, stack(0x00000012b3900000,0x00000012b3a00000)]
  0x000001687ce20800 JavaThread "C2 CompilerThread0" daemon [_thread_blocked, id=13880, stack(0x00000012b3a00000,0x00000012b3b00000)]
  0x000001687ce2d000 JavaThread "C1 CompilerThread0" daemon [_thread_blocked, id=15608, stack(0x00000012b3b00000,0x00000012b3c00000)]
  0x000001687ce34000 JavaThread "Sweeper thread" daemon [_thread_blocked, id=1740, stack(0x00000012b3c00000,0x00000012b3d00000)]
  0x000001687cfa8800 JavaThread "Common-Cleaner" daemon [_thread_blocked, id=4568, stack(0x00000012b3d00000,0x00000012b3e00000)]
  0x000001687d275800 JavaThread "JDWP Transport Listener: dt_socket" daemon [_thread_blocked, id=8800, stack(0x00000012b3f00000,0x00000012b4000000)]
  0x000001687d1e3000 JavaThread "JDWP Event Helper Thread" daemon [_thread_blocked, id=6912, stack(0x00000012b4000000,0x00000012b4100000)]
  0x000001687d1e4000 JavaThread "JDWP Command Reader" daemon [_thread_in_native, id=12928, stack(0x00000012b4100000,0x00000012b4200000)]
  0x000001687d20f000 JavaThread "Service Thread" daemon [_thread_blocked, id=16820, stack(0x00000012b4200000,0x00000012b4300000)]

Other Threads:
  0x000001687cda4800 VMThread "VM Thread" [stack: 0x00000012b3500000,0x00000012b3600000] [id=14988]
  0x000001687d085000 WatcherThread [stack: 0x00000012b4300000,0x00000012b4400000] [id=18156]
  0x000001684eda1000 GCTaskThread "GC Thread#0" [stack: 0x00000012b3000000,0x00000012b3100000] [id=2944]
  0x000001687f5a5800 GCTaskThread "GC Thread#1" [stack: 0x00000012b4900000,0x00000012b4a00000] [id=16604]
  0x000001687f872000 GCTaskThread "GC Thread#2" [stack: 0x00000012b4a00000,0x00000012b4b00000] [id=14704]
  0x000001687f79c000 GCTaskThread "GC Thread#3" [stack: 0x00000012b4b00000,0x00000012b4c00000] [id=12544]
  0x000001687f247800 GCTaskThread "GC Thread#4" [stack: 0x00000012b4c00000,0x00000012b4d00000] [id=14916]
  0x000001687f80d800 GCTaskThread "GC Thread#5" [stack: 0x00000012b4d00000,0x00000012b4e00000] [id=7396]
  0x000001687f80e800 GCTaskThread "GC Thread#6" [stack: 0x00000012b4e00000,0x00000012b4f00000] [id=18756]
  0x000001687f286000 GCTaskThread "GC Thread#7" [stack: 0x00000012b4f00000,0x00000012b5000000] [id=9228]
  0x000001687f287000 GCTaskThread "GC Thread#8" [stack: 0x00000012b5000000,0x00000012b5100000] [id=17948]
  0x000001687f60a800 GCTaskThread "GC Thread#9" [stack: 0x00000012b5100000,0x00000012b5200000] [id=14536]
  0x000001684ee21000 ConcurrentGCThread "G1 Main Marker" [stack: 0x00000012b3100000,0x00000012b3200000] [id=12384]
  0x000001684ee22800 ConcurrentGCThread "G1 Conc#0" [stack: 0x00000012b3200000,0x00000012b3300000] [id=4956]
  0x000001687c3ff000 ConcurrentGCThread "G1 Refine#0" [stack: 0x00000012b3300000,0x00000012b3400000] [id=9192]
  0x000001687c400000 ConcurrentGCThread "G1 Young RemSet Sampling" [stack: 0x00000012b3400000,0x00000012b3500000] [id=13744]

Threads with active compile tasks:

VM state:not at safepoint (normal execution)

VM Mutex/Monitor currently owned by a thread: None

Heap address: 0x0000000601200000, size: 8174 MB, Compressed Oops mode: Zero based, Oop shift amount: 3
Narrow klass base: 0x0000000800000000, Narrow klass shift: 0
Compressed class space size: 1073741824 Address: 0x0000000800000000

Heap:
 garbage-first heap   total 524288K, used 4319K [0x0000000601200000, 0x0000000800000000)
  region size 2048K, 4 young (8192K), 2 survivors (4096K)
 Metaspace       used 14392K, capacity 14615K, committed 14976K, reserved 1062912K
  class space    used 1017K, capacity 1065K, committed 1152K, reserved 1048576K
Heap Regions: E=young(eden), S=young(survivor), O=old, HS=humongous(starts), HC=humongous(continues), CS=collection set, F=free, A=archive, TAMS=top-at-mark-start (previous, next)
|   0|0x0000000601200000, 0x0000000601200000, 0x0000000601400000|  0%| F|  |TAMS 0x0000000601200000, 0x0000000601200000| Untracked 
|   1|0x0000000601400000, 0x0000000601400000, 0x0000000601600000|  0%| F|  |TAMS 0x0000000601400000, 0x0000000601400000| Untracked 
|   2|0x0000000601600000, 0x0000000601600000, 0x0000000601800000|  0%| F|  |TAMS 0x0000000601600000, 0x0000000601600000| Untracked 
|   3|0x0000000601800000, 0x0000000601800000, 0x0000000601a00000|  0%| F|  |TAMS 0x0000000601800000, 0x0000000601800000| Untracked 
|   4|0x0000000601a00000, 0x0000000601a00000, 0x0000000601c00000|  0%| F|  |TAMS 0x0000000601a00000, 0x0000000601a00000| Untracked 
|   5|0x0000000601c00000, 0x0000000601c00000, 0x0000000601e00000|  0%| F|  |TAMS 0x0000000601c00000, 0x0000000601c00000| Untracked 
|   6|0x0000000601e00000, 0x0000000601e00000, 0x0000000602000000|  0%| F|  |TAMS 0x0000000601e00000, 0x0000000601e00000| Untracked 
|   7|0x0000000602000000, 0x0000000602000000, 0x0000000602200000|  0%| F|  |TAMS 0x0000000602000000, 0x0000000602000000| Untracked 
|   8|0x0000000602200000, 0x0000000602200000, 0x0000000602400000|  0%| F|  |TAMS 0x0000000602200000, 0x0000000602200000| Untracked 
|   9|0x0000000602400000, 0x0000000602400000, 0x0000000602600000|  0%| F|  |TAMS 0x0000000602400000, 0x0000000602400000| Untracked 
|  10|0x0000000602600000, 0x0000000602600000, 0x0000000602800000|  0%| F|  |TAMS 0x0000000602600000, 0x0000000602600000| Untracked 
|  11|0x0000000602800000, 0x0000000602800000, 0x0000000602a00000|  0%| F|  |TAMS 0x0000000602800000, 0x0000000602800000| Untracked 
|  12|0x0000000602a00000, 0x0000000602a00000, 0x0000000602c00000|  0%| F|  |TAMS 0x0000000602a00000, 0x0000000602a00000| Untracked 
|  13|0x0000000602c00000, 0x0000000602c00000, 0x0000000602e00000|  0%| F|  |TAMS 0x0000000602c00000, 0x0000000602c00000| Untracked 
|  14|0x0000000602e00000, 0x0000000602e00000, 0x0000000603000000|  0%| F|  |TAMS 0x0000000602e00000, 0x0000000602e00000| Untracked 
|  15|0x0000000603000000, 0x0000000603000000, 0x0000000603200000|  0%| F|  |TAMS 0x0000000603000000, 0x0000000603000000| Untracked 
|  16|0x0000000603200000, 0x0000000603200000, 0x0000000603400000|  0%| F|  |TAMS 0x0000000603200000, 0x0000000603200000| Untracked 
|  17|0x0000000603400000, 0x0000000603400000, 0x0000000603600000|  0%| F|  |TAMS 0x0000000603400000, 0x0000000603400000| Untracked 
|  18|0x0000000603600000, 0x0000000603600000, 0x0000000603800000|  0%| F|  |TAMS 0x0000000603600000, 0x0000000603600000| Untracked 
|  19|0x0000000603800000, 0x0000000603800000, 0x0000000603a00000|  0%| F|  |TAMS 0x0000000603800000, 0x0000000603800000| Untracked 
|  20|0x0000000603a00000, 0x0000000603a00000, 0x0000000603c00000|  0%| F|  |TAMS 0x0000000603a00000, 0x0000000603a00000| Untracked 
|  21|0x0000000603c00000, 0x0000000603c00000, 0x0000000603e00000|  0%| F|  |TAMS 0x0000000603c00000, 0x0000000603c00000| Untracked 
|  22|0x0000000603e00000, 0x0000000603e00000, 0x0000000604000000|  0%| F|  |TAMS 0x0000000603e00000, 0x0000000603e00000| Untracked 
|  23|0x0000000604000000, 0x0000000604000000, 0x0000000604200000|  0%| F|  |TAMS 0x0000000604000000, 0x0000000604000000| Untracked 
|  24|0x0000000604200000, 0x0000000604200000, 0x0000000604400000|  0%| F|  |TAMS 0x0000000604200000, 0x0000000604200000| Untracked 
|  25|0x0000000604400000, 0x0000000604400000, 0x0000000604600000|  0%| F|  |TAMS 0x0000000604400000, 0x0000000604400000| Untracked 
|  26|0x0000000604600000, 0x0000000604600000, 0x0000000604800000|  0%| F|  |TAMS 0x0000000604600000, 0x0000000604600000| Untracked 
|  27|0x0000000604800000, 0x0000000604800000, 0x0000000604a00000|  0%| F|  |TAMS 0x0000000604800000, 0x0000000604800000| Untracked 
|  28|0x0000000604a00000, 0x0000000604a00000, 0x0000000604c00000|  0%| F|  |TAMS 0x0000000604a00000, 0x0000000604a00000| Untracked 
|  29|0x0000000604c00000, 0x0000000604c00000, 0x0000000604e00000|  0%| F|  |TAMS 0x0000000604c00000, 0x0000000604c00000| Untracked 
|  30|0x0000000604e00000, 0x0000000604e00000, 0x0000000605000000|  0%| F|  |TAMS 0x0000000604e00000, 0x0000000604e00000| Untracked 
|  31|0x0000000605000000, 0x0000000605000000, 0x0000000605200000|  0%| F|  |TAMS 0x0000000605000000, 0x0000000605000000| Untracked 
|  32|0x0000000605200000, 0x0000000605200000, 0x0000000605400000|  0%| F|  |TAMS 0x0000000605200000, 0x0000000605200000| Untracked 
|  33|0x0000000605400000, 0x0000000605400000, 0x0000000605600000|  0%| F|  |TAMS 0x0000000605400000, 0x0000000605400000| Untracked 
|  34|0x0000000605600000, 0x0000000605600000, 0x0000000605800000|  0%| F|  |TAMS 0x0000000605600000, 0x0000000605600000| Untracked 
|  35|0x0000000605800000, 0x0000000605800000, 0x0000000605a00000|  0%| F|  |TAMS 0x0000000605800000, 0x0000000605800000| Untracked 
|  36|0x0000000605a00000, 0x0000000605a00000, 0x0000000605c00000|  0%| F|  |TAMS 0x0000000605a00000, 0x0000000605a00000| Untracked 
|  37|0x0000000605c00000, 0x0000000605c00000, 0x0000000605e00000|  0%| F|  |TAMS 0x0000000605c00000, 0x0000000605c00000| Untracked 
|  38|0x0000000605e00000, 0x0000000605e00000, 0x0000000606000000|  0%| F|  |TAMS 0x0000000605e00000, 0x0000000605e00000| Untracked 
|  39|0x0000000606000000, 0x0000000606000000, 0x0000000606200000|  0%| F|  |TAMS 0x0000000606000000, 0x0000000606000000| Untracked 
|  40|0x0000000606200000, 0x0000000606200000, 0x0000000606400000|  0%| F|  |TAMS 0x0000000606200000, 0x0000000606200000| Untracked 
|  41|0x0000000606400000, 0x0000000606400000, 0x0000000606600000|  0%| F|  |TAMS 0x0000000606400000, 0x0000000606400000| Untracked 
|  42|0x0000000606600000, 0x0000000606600000, 0x0000000606800000|  0%| F|  |TAMS 0x0000000606600000, 0x0000000606600000| Untracked 
|  43|0x0000000606800000, 0x0000000606800000, 0x0000000606a00000|  0%| F|  |TAMS 0x0000000606800000, 0x0000000606800000| Untracked 
|  44|0x0000000606a00000, 0x0000000606a00000, 0x0000000606c00000|  0%| F|  |TAMS 0x0000000606a00000, 0x0000000606a00000| Untracked 
|  45|0x0000000606c00000, 0x0000000606c00000, 0x0000000606e00000|  0%| F|  |TAMS 0x0000000606c00000, 0x0000000606c00000| Untracked 
|  46|0x0000000606e00000, 0x0000000606e00000, 0x0000000607000000|  0%| F|  |TAMS 0x0000000606e00000, 0x0000000606e00000| Untracked 
|  47|0x0000000607000000, 0x0000000607000000, 0x0000000607200000|  0%| F|  |TAMS 0x0000000607000000, 0x0000000607000000| Untracked 
|  48|0x0000000607200000, 0x0000000607200000, 0x0000000607400000|  0%| F|  |TAMS 0x0000000607200000, 0x0000000607200000| Untracked 
|  49|0x0000000607400000, 0x0000000607400000, 0x0000000607600000|  0%| F|  |TAMS 0x0000000607400000, 0x0000000607400000| Untracked 
|  50|0x0000000607600000, 0x0000000607600000, 0x0000000607800000|  0%| F|  |TAMS 0x0000000607600000, 0x0000000607600000| Untracked 
|  51|0x0000000607800000, 0x0000000607800000, 0x0000000607a00000|  0%| F|  |TAMS 0x0000000607800000, 0x0000000607800000| Untracked 
|  52|0x0000000607a00000, 0x0000000607a00000, 0x0000000607c00000|  0%| F|  |TAMS 0x0000000607a00000, 0x0000000607a00000| Untracked 
|  53|0x0000000607c00000, 0x0000000607c00000, 0x0000000607e00000|  0%| F|  |TAMS 0x0000000607c00000, 0x0000000607c00000| Untracked 
|  54|0x0000000607e00000, 0x0000000607e00000, 0x0000000608000000|  0%| F|  |TAMS 0x0000000607e00000, 0x0000000607e00000| Untracked 
|  55|0x0000000608000000, 0x0000000608000000, 0x0000000608200000|  0%| F|  |TAMS 0x0000000608000000, 0x0000000608000000| Untracked 
|  56|0x0000000608200000, 0x0000000608200000, 0x0000000608400000|  0%| F|  |TAMS 0x0000000608200000, 0x0000000608200000| Untracked 
|  57|0x0000000608400000, 0x0000000608400000, 0x0000000608600000|  0%| F|  |TAMS 0x0000000608400000, 0x0000000608400000| Untracked 
|  58|0x0000000608600000, 0x0000000608600000, 0x0000000608800000|  0%| F|  |TAMS 0x0000000608600000, 0x0000000608600000| Untracked 
|  59|0x0000000608800000, 0x0000000608800000, 0x0000000608a00000|  0%| F|  |TAMS 0x0000000608800000, 0x0000000608800000| Untracked 
|  60|0x0000000608a00000, 0x0000000608a00000, 0x0000000608c00000|  0%| F|  |TAMS 0x0000000608a00000, 0x0000000608a00000| Untracked 
|  61|0x0000000608c00000, 0x0000000608c00000, 0x0000000608e00000|  0%| F|  |TAMS 0x0000000608c00000, 0x0000000608c00000| Untracked 
|  62|0x0000000608e00000, 0x0000000608e00000, 0x0000000609000000|  0%| F|  |TAMS 0x0000000608e00000, 0x0000000608e00000| Untracked 
|  63|0x0000000609000000, 0x0000000609000000, 0x0000000609200000|  0%| F|  |TAMS 0x0000000609000000, 0x0000000609000000| Untracked 
|  64|0x0000000609200000, 0x0000000609200000, 0x0000000609400000|  0%| F|  |TAMS 0x0000000609200000, 0x0000000609200000| Untracked 
|  65|0x0000000609400000, 0x0000000609400000, 0x0000000609600000|  0%| F|  |TAMS 0x0000000609400000, 0x0000000609400000| Untracked 
|  66|0x0000000609600000, 0x0000000609600000, 0x0000000609800000|  0%| F|  |TAMS 0x0000000609600000, 0x0000000609600000| Untracked 
|  67|0x0000000609800000, 0x0000000609800000, 0x0000000609a00000|  0%| F|  |TAMS 0x0000000609800000, 0x0000000609800000| Untracked 
|  68|0x0000000609a00000, 0x0000000609a00000, 0x0000000609c00000|  0%| F|  |TAMS 0x0000000609a00000, 0x0000000609a00000| Untracked 
|  69|0x0000000609c00000, 0x0000000609c00000, 0x0000000609e00000|  0%| F|  |TAMS 0x0000000609c00000, 0x0000000609c00000| Untracked 
|  70|0x0000000609e00000, 0x0000000609e00000, 0x000000060a000000|  0%| F|  |TAMS 0x0000000609e00000, 0x0000000609e00000| Untracked 
|  71|0x000000060a000000, 0x000000060a000000, 0x000000060a200000|  0%| F|  |TAMS 0x000000060a000000, 0x000000060a000000| Untracked 
|  72|0x000000060a200000, 0x000000060a200000, 0x000000060a400000|  0%| F|  |TAMS 0x000000060a200000, 0x000000060a200000| Untracked 
|  73|0x000000060a400000, 0x000000060a400000, 0x000000060a600000|  0%| F|  |TAMS 0x000000060a400000, 0x000000060a400000| Untracked 
|  74|0x000000060a600000, 0x000000060a600000, 0x000000060a800000|  0%| F|  |TAMS 0x000000060a600000, 0x000000060a600000| Untracked 
|  75|0x000000060a800000, 0x000000060a800000, 0x000000060aa00000|  0%| F|  |TAMS 0x000000060a800000, 0x000000060a800000| Untracked 
|  76|0x000000060aa00000, 0x000000060aa00000, 0x000000060ac00000|  0%| F|  |TAMS 0x000000060aa00000, 0x000000060aa00000| Untracked 
|  77|0x000000060ac00000, 0x000000060ac00000, 0x000000060ae00000|  0%| F|  |TAMS 0x000000060ac00000, 0x000000060ac00000| Untracked 
|  78|0x000000060ae00000, 0x000000060ae00000, 0x000000060b000000|  0%| F|  |TAMS 0x000000060ae00000, 0x000000060ae00000| Untracked 
|  79|0x000000060b000000, 0x000000060b000000, 0x000000060b200000|  0%| F|  |TAMS 0x000000060b000000, 0x000000060b000000| Untracked 
|  80|0x000000060b200000, 0x000000060b200000, 0x000000060b400000|  0%| F|  |TAMS 0x000000060b200000, 0x000000060b200000| Untracked 
|  81|0x000000060b400000, 0x000000060b400000, 0x000000060b600000|  0%| F|  |TAMS 0x000000060b400000, 0x000000060b400000| Untracked 
|  82|0x000000060b600000, 0x000000060b600000, 0x000000060b800000|  0%| F|  |TAMS 0x000000060b600000, 0x000000060b600000| Untracked 
|  83|0x000000060b800000, 0x000000060b800000, 0x000000060ba00000|  0%| F|  |TAMS 0x000000060b800000, 0x000000060b800000| Untracked 
|  84|0x000000060ba00000, 0x000000060ba00000, 0x000000060bc00000|  0%| F|  |TAMS 0x000000060ba00000, 0x000000060ba00000| Untracked 
|  85|0x000000060bc00000, 0x000000060bc00000, 0x000000060be00000|  0%| F|  |TAMS 0x000000060bc00000, 0x000000060bc00000| Untracked 
|  86|0x000000060be00000, 0x000000060be00000, 0x000000060c000000|  0%| F|  |TAMS 0x000000060be00000, 0x000000060be00000| Untracked 
|  87|0x000000060c000000, 0x000000060c000000, 0x000000060c200000|  0%| F|  |TAMS 0x000000060c000000, 0x000000060c000000| Untracked 
|  88|0x000000060c200000, 0x000000060c200000, 0x000000060c400000|  0%| F|  |TAMS 0x000000060c200000, 0x000000060c200000| Untracked 
|  89|0x000000060c400000, 0x000000060c400000, 0x000000060c600000|  0%| F|  |TAMS 0x000000060c400000, 0x000000060c400000| Untracked 
|  90|0x000000060c600000, 0x000000060c600000, 0x000000060c800000|  0%| F|  |TAMS 0x000000060c600000, 0x000000060c600000| Untracked 
|  91|0x000000060c800000, 0x000000060c800000, 0x000000060ca00000|  0%| F|  |TAMS 0x000000060c800000, 0x000000060c800000| Untracked 
|  92|0x000000060ca00000, 0x000000060ca00000, 0x000000060cc00000|  0%| F|  |TAMS 0x000000060ca00000, 0x000000060ca00000| Untracked 
|  93|0x000000060cc00000, 0x000000060cc00000, 0x000000060ce00000|  0%| F|  |TAMS 0x000000060cc00000, 0x000000060cc00000| Untracked 
|  94|0x000000060ce00000, 0x000000060ce00000, 0x000000060d000000|  0%| F|  |TAMS 0x000000060ce00000, 0x000000060ce00000| Untracked 
|  95|0x000000060d000000, 0x000000060d000000, 0x000000060d200000|  0%| F|  |TAMS 0x000000060d000000, 0x000000060d000000| Untracked 
|  96|0x000000060d200000, 0x000000060d200000, 0x000000060d400000|  0%| F|  |TAMS 0x000000060d200000, 0x000000060d200000| Untracked 
|  97|0x000000060d400000, 0x000000060d400000, 0x000000060d600000|  0%| F|  |TAMS 0x000000060d400000, 0x000000060d400000| Untracked 
|  98|0x000000060d600000, 0x000000060d600000, 0x000000060d800000|  0%| F|  |TAMS 0x000000060d600000, 0x000000060d600000| Untracked 
|  99|0x000000060d800000, 0x000000060d800000, 0x000000060da00000|  0%| F|  |TAMS 0x000000060d800000, 0x000000060d800000| Untracked 
| 100|0x000000060da00000, 0x000000060da00000, 0x000000060dc00000|  0%| F|  |TAMS 0x000000060da00000, 0x000000060da00000| Untracked 
| 101|0x000000060dc00000, 0x000000060dc00000, 0x000000060de00000|  0%| F|  |TAMS 0x000000060dc00000, 0x000000060dc00000| Untracked 
| 102|0x000000060de00000, 0x000000060de00000, 0x000000060e000000|  0%| F|  |TAMS 0x000000060de00000, 0x000000060de00000| Untracked 
| 103|0x000000060e000000, 0x000000060e000000, 0x000000060e200000|  0%| F|  |TAMS 0x000000060e000000, 0x000000060e000000| Untracked 
| 104|0x000000060e200000, 0x000000060e200000, 0x000000060e400000|  0%| F|  |TAMS 0x000000060e200000, 0x000000060e200000| Untracked 
| 105|0x000000060e400000, 0x000000060e400000, 0x000000060e600000|  0%| F|  |TAMS 0x000000060e400000, 0x000000060e400000| Untracked 
| 106|0x000000060e600000, 0x000000060e600000, 0x000000060e800000|  0%| F|  |TAMS 0x000000060e600000, 0x000000060e600000| Untracked 
| 107|0x000000060e800000, 0x000000060e800000, 0x000000060ea00000|  0%| F|  |TAMS 0x000000060e800000, 0x000000060e800000| Untracked 
| 108|0x000000060ea00000, 0x000000060ea00000, 0x000000060ec00000|  0%| F|  |TAMS 0x000000060ea00000, 0x000000060ea00000| Untracked 
| 109|0x000000060ec00000, 0x000000060ec00000, 0x000000060ee00000|  0%| F|  |TAMS 0x000000060ec00000, 0x000000060ec00000| Untracked 
| 110|0x000000060ee00000, 0x000000060ee00000, 0x000000060f000000|  0%| F|  |TAMS 0x000000060ee00000, 0x000000060ee00000| Untracked 
| 111|0x000000060f000000, 0x000000060f000000, 0x000000060f200000|  0%| F|  |TAMS 0x000000060f000000, 0x000000060f000000| Untracked 
| 112|0x000000060f200000, 0x000000060f200000, 0x000000060f400000|  0%| F|  |TAMS 0x000000060f200000, 0x000000060f200000| Untracked 
| 113|0x000000060f400000, 0x000000060f400000, 0x000000060f600000|  0%| F|  |TAMS 0x000000060f400000, 0x000000060f400000| Untracked 
| 114|0x000000060f600000, 0x000000060f600000, 0x000000060f800000|  0%| F|  |TAMS 0x000000060f600000, 0x000000060f600000| Untracked 
| 115|0x000000060f800000, 0x000000060f800000, 0x000000060fa00000|  0%| F|  |TAMS 0x000000060f800000, 0x000000060f800000| Untracked 
| 116|0x000000060fa00000, 0x000000060fa00000, 0x000000060fc00000|  0%| F|  |TAMS 0x000000060fa00000, 0x000000060fa00000| Untracked 
| 117|0x000000060fc00000, 0x000000060fc00000, 0x000000060fe00000|  0%| F|  |TAMS 0x000000060fc00000, 0x000000060fc00000| Untracked 
| 118|0x000000060fe00000, 0x000000060fe00000, 0x0000000610000000|  0%| F|  |TAMS 0x000000060fe00000, 0x000000060fe00000| Untracked 
| 119|0x0000000610000000, 0x0000000610000000, 0x0000000610200000|  0%| F|  |TAMS 0x0000000610000000, 0x0000000610000000| Untracked 
| 120|0x0000000610200000, 0x0000000610200000, 0x0000000610400000|  0%| F|  |TAMS 0x0000000610200000, 0x0000000610200000| Untracked 
| 121|0x0000000610400000, 0x0000000610400000, 0x0000000610600000|  0%| F|  |TAMS 0x0000000610400000, 0x0000000610400000| Untracked 
| 122|0x0000000610600000, 0x0000000610600000, 0x0000000610800000|  0%| F|  |TAMS 0x0000000610600000, 0x0000000610600000| Untracked 
| 123|0x0000000610800000, 0x0000000610800000, 0x0000000610a00000|  0%| F|  |TAMS 0x0000000610800000, 0x0000000610800000| Untracked 
| 124|0x0000000610a00000, 0x0000000610a00000, 0x0000000610c00000|  0%| F|  |TAMS 0x0000000610a00000, 0x0000000610a00000| Untracked 
| 125|0x0000000610c00000, 0x0000000610c00000, 0x0000000610e00000|  0%| F|  |TAMS 0x0000000610c00000, 0x0000000610c00000| Untracked 
| 126|0x0000000610e00000, 0x0000000610e00000, 0x0000000611000000|  0%| F|  |TAMS 0x0000000610e00000, 0x0000000610e00000| Untracked 
| 127|0x0000000611000000, 0x0000000611000000, 0x0000000611200000|  0%| F|  |TAMS 0x0000000611000000, 0x0000000611000000| Untracked 
| 128|0x0000000611200000, 0x0000000611200000, 0x0000000611400000|  0%| F|  |TAMS 0x0000000611200000, 0x0000000611200000| Untracked 
| 129|0x0000000611400000, 0x0000000611400000, 0x0000000611600000|  0%| F|  |TAMS 0x0000000611400000, 0x0000000611400000| Untracked 
| 130|0x0000000611600000, 0x0000000611600000, 0x0000000611800000|  0%| F|  |TAMS 0x0000000611600000, 0x0000000611600000| Untracked 
| 131|0x0000000611800000, 0x0000000611800000, 0x0000000611a00000|  0%| F|  |TAMS 0x0000000611800000, 0x0000000611800000| Untracked 
| 132|0x0000000611a00000, 0x0000000611a00000, 0x0000000611c00000|  0%| F|  |TAMS 0x0000000611a00000, 0x0000000611a00000| Untracked 
| 133|0x0000000611c00000, 0x0000000611c00000, 0x0000000611e00000|  0%| F|  |TAMS 0x0000000611c00000, 0x0000000611c00000| Untracked 
| 134|0x0000000611e00000, 0x0000000611e00000, 0x0000000612000000|  0%| F|  |TAMS 0x0000000611e00000, 0x0000000611e00000| Untracked 
| 135|0x0000000612000000, 0x0000000612000000, 0x0000000612200000|  0%| F|  |TAMS 0x0000000612000000, 0x0000000612000000| Untracked 
| 136|0x0000000612200000, 0x0000000612200000, 0x0000000612400000|  0%| F|  |TAMS 0x0000000612200000, 0x0000000612200000| Untracked 
| 137|0x0000000612400000, 0x0000000612400000, 0x0000000612600000|  0%| F|  |TAMS 0x0000000612400000, 0x0000000612400000| Untracked 
| 138|0x0000000612600000, 0x0000000612600000, 0x0000000612800000|  0%| F|  |TAMS 0x0000000612600000, 0x0000000612600000| Untracked 
| 139|0x0000000612800000, 0x0000000612800000, 0x0000000612a00000|  0%| F|  |TAMS 0x0000000612800000, 0x0000000612800000| Untracked 
| 140|0x0000000612a00000, 0x0000000612a00000, 0x0000000612c00000|  0%| F|  |TAMS 0x0000000612a00000, 0x0000000612a00000| Untracked 
| 141|0x0000000612c00000, 0x0000000612c00000, 0x0000000612e00000|  0%| F|  |TAMS 0x0000000612c00000, 0x0000000612c00000| Untracked 
| 142|0x0000000612e00000, 0x0000000612e00000, 0x0000000613000000|  0%| F|  |TAMS 0x0000000612e00000, 0x0000000612e00000| Untracked 
| 143|0x0000000613000000, 0x0000000613000000, 0x0000000613200000|  0%| F|  |TAMS 0x0000000613000000, 0x0000000613000000| Untracked 
| 144|0x0000000613200000, 0x0000000613200000, 0x0000000613400000|  0%| F|  |TAMS 0x0000000613200000, 0x0000000613200000| Untracked 
| 145|0x0000000613400000, 0x0000000613400000, 0x0000000613600000|  0%| F|  |TAMS 0x0000000613400000, 0x0000000613400000| Untracked 
| 146|0x0000000613600000, 0x0000000613600000, 0x0000000613800000|  0%| F|  |TAMS 0x0000000613600000, 0x0000000613600000| Untracked 
| 147|0x0000000613800000, 0x0000000613800000, 0x0000000613a00000|  0%| F|  |TAMS 0x0000000613800000, 0x0000000613800000| Untracked 
| 148|0x0000000613a00000, 0x0000000613a00000, 0x0000000613c00000|  0%| F|  |TAMS 0x0000000613a00000, 0x0000000613a00000| Untracked 
| 149|0x0000000613c00000, 0x0000000613c00000, 0x0000000613e00000|  0%| F|  |TAMS 0x0000000613c00000, 0x0000000613c00000| Untracked 
| 150|0x0000000613e00000, 0x0000000613e00000, 0x0000000614000000|  0%| F|  |TAMS 0x0000000613e00000, 0x0000000613e00000| Untracked 
| 151|0x0000000614000000, 0x0000000614000000, 0x0000000614200000|  0%| F|  |TAMS 0x0000000614000000, 0x0000000614000000| Untracked 
| 152|0x0000000614200000, 0x0000000614200000, 0x0000000614400000|  0%| F|  |TAMS 0x0000000614200000, 0x0000000614200000| Untracked 
| 153|0x0000000614400000, 0x0000000614400000, 0x0000000614600000|  0%| F|  |TAMS 0x0000000614400000, 0x0000000614400000| Untracked 
| 154|0x0000000614600000, 0x0000000614600000, 0x0000000614800000|  0%| F|  |TAMS 0x0000000614600000, 0x0000000614600000| Untracked 
| 155|0x0000000614800000, 0x0000000614800000, 0x0000000614a00000|  0%| F|  |TAMS 0x0000000614800000, 0x0000000614800000| Untracked 
| 156|0x0000000614a00000, 0x0000000614a00000, 0x0000000614c00000|  0%| F|  |TAMS 0x0000000614a00000, 0x0000000614a00000| Untracked 
| 157|0x0000000614c00000, 0x0000000614c00000, 0x0000000614e00000|  0%| F|  |TAMS 0x0000000614c00000, 0x0000000614c00000| Untracked 
| 158|0x0000000614e00000, 0x0000000614e00000, 0x0000000615000000|  0%| F|  |TAMS 0x0000000614e00000, 0x0000000614e00000| Untracked 
| 159|0x0000000615000000, 0x0000000615000000, 0x0000000615200000|  0%| F|  |TAMS 0x0000000615000000, 0x0000000615000000| Untracked 
| 160|0x0000000615200000, 0x0000000615200000, 0x0000000615400000|  0%| F|  |TAMS 0x0000000615200000, 0x0000000615200000| Untracked 
| 161|0x0000000615400000, 0x0000000615400000, 0x0000000615600000|  0%| F|  |TAMS 0x0000000615400000, 0x0000000615400000| Untracked 
| 162|0x0000000615600000, 0x0000000615600000, 0x0000000615800000|  0%| F|  |TAMS 0x0000000615600000, 0x0000000615600000| Untracked 
| 163|0x0000000615800000, 0x0000000615800000, 0x0000000615a00000|  0%| F|  |TAMS 0x0000000615800000, 0x0000000615800000| Untracked 
| 164|0x0000000615a00000, 0x0000000615a00000, 0x0000000615c00000|  0%| F|  |TAMS 0x0000000615a00000, 0x0000000615a00000| Untracked 
| 165|0x0000000615c00000, 0x0000000615c00000, 0x0000000615e00000|  0%| F|  |TAMS 0x0000000615c00000, 0x0000000615c00000| Untracked 
| 166|0x0000000615e00000, 0x0000000615e00000, 0x0000000616000000|  0%| F|  |TAMS 0x0000000615e00000, 0x0000000615e00000| Untracked 
| 167|0x0000000616000000, 0x0000000616000000, 0x0000000616200000|  0%| F|  |TAMS 0x0000000616000000, 0x0000000616000000| Untracked 
| 168|0x0000000616200000, 0x0000000616200000, 0x0000000616400000|  0%| F|  |TAMS 0x0000000616200000, 0x0000000616200000| Untracked 
| 169|0x0000000616400000, 0x0000000616400000, 0x0000000616600000|  0%| F|  |TAMS 0x0000000616400000, 0x0000000616400000| Untracked 
| 170|0x0000000616600000, 0x0000000616600000, 0x0000000616800000|  0%| F|  |TAMS 0x0000000616600000, 0x0000000616600000| Untracked 
| 171|0x0000000616800000, 0x0000000616800000, 0x0000000616a00000|  0%| F|  |TAMS 0x0000000616800000, 0x0000000616800000| Untracked 
| 172|0x0000000616a00000, 0x0000000616a00000, 0x0000000616c00000|  0%| F|  |TAMS 0x0000000616a00000, 0x0000000616a00000| Untracked 
| 173|0x0000000616c00000, 0x0000000616c00000, 0x0000000616e00000|  0%| F|  |TAMS 0x0000000616c00000, 0x0000000616c00000| Untracked 
| 174|0x0000000616e00000, 0x0000000616e00000, 0x0000000617000000|  0%| F|  |TAMS 0x0000000616e00000, 0x0000000616e00000| Untracked 
| 175|0x0000000617000000, 0x0000000617000000, 0x0000000617200000|  0%| F|  |TAMS 0x0000000617000000, 0x0000000617000000| Untracked 
| 176|0x0000000617200000, 0x0000000617200000, 0x0000000617400000|  0%| F|  |TAMS 0x0000000617200000, 0x0000000617200000| Untracked 
| 177|0x0000000617400000, 0x0000000617400000, 0x0000000617600000|  0%| F|  |TAMS 0x0000000617400000, 0x0000000617400000| Untracked 
| 178|0x0000000617600000, 0x0000000617600000, 0x0000000617800000|  0%| F|  |TAMS 0x0000000617600000, 0x0000000617600000| Untracked 
| 179|0x0000000617800000, 0x0000000617800000, 0x0000000617a00000|  0%| F|  |TAMS 0x0000000617800000, 0x0000000617800000| Untracked 
| 180|0x0000000617a00000, 0x0000000617a00000, 0x0000000617c00000|  0%| F|  |TAMS 0x0000000617a00000, 0x0000000617a00000| Untracked 
| 181|0x0000000617c00000, 0x0000000617c00000, 0x0000000617e00000|  0%| F|  |TAMS 0x0000000617c00000, 0x0000000617c00000| Untracked 
| 182|0x0000000617e00000, 0x0000000617e00000, 0x0000000618000000|  0%| F|  |TAMS 0x0000000617e00000, 0x0000000617e00000| Untracked 
| 183|0x0000000618000000, 0x0000000618000000, 0x0000000618200000|  0%| F|  |TAMS 0x0000000618000000, 0x0000000618000000| Untracked 
| 184|0x0000000618200000, 0x0000000618200000, 0x0000000618400000|  0%| F|  |TAMS 0x0000000618200000, 0x0000000618200000| Untracked 
| 185|0x0000000618400000, 0x0000000618400000, 0x0000000618600000|  0%| F|  |TAMS 0x0000000618400000, 0x0000000618400000| Untracked 
| 186|0x0000000618600000, 0x0000000618600000, 0x0000000618800000|  0%| F|  |TAMS 0x0000000618600000, 0x0000000618600000| Untracked 
| 187|0x0000000618800000, 0x0000000618800000, 0x0000000618a00000|  0%| F|  |TAMS 0x0000000618800000, 0x0000000618800000| Untracked 
| 188|0x0000000618a00000, 0x0000000618a00000, 0x0000000618c00000|  0%| F|  |TAMS 0x0000000618a00000, 0x0000000618a00000| Untracked 
| 189|0x0000000618c00000, 0x0000000618c00000, 0x0000000618e00000|  0%| F|  |TAMS 0x0000000618c00000, 0x0000000618c00000| Untracked 
| 190|0x0000000618e00000, 0x0000000618e00000, 0x0000000619000000|  0%| F|  |TAMS 0x0000000618e00000, 0x0000000618e00000| Untracked 
| 191|0x0000000619000000, 0x0000000619000000, 0x0000000619200000|  0%| F|  |TAMS 0x0000000619000000, 0x0000000619000000| Untracked 
| 192|0x0000000619200000, 0x0000000619200000, 0x0000000619400000|  0%| F|  |TAMS 0x0000000619200000, 0x0000000619200000| Untracked 
| 193|0x0000000619400000, 0x0000000619400000, 0x0000000619600000|  0%| F|  |TAMS 0x0000000619400000, 0x0000000619400000| Untracked 
| 194|0x0000000619600000, 0x0000000619600000, 0x0000000619800000|  0%| F|  |TAMS 0x0000000619600000, 0x0000000619600000| Untracked 
| 195|0x0000000619800000, 0x0000000619800000, 0x0000000619a00000|  0%| F|  |TAMS 0x0000000619800000, 0x0000000619800000| Untracked 
| 196|0x0000000619a00000, 0x0000000619a00000, 0x0000000619c00000|  0%| F|  |TAMS 0x0000000619a00000, 0x0000000619a00000| Untracked 
| 197|0x0000000619c00000, 0x0000000619c00000, 0x0000000619e00000|  0%| F|  |TAMS 0x0000000619c00000, 0x0000000619c00000| Untracked 
| 198|0x0000000619e00000, 0x0000000619e00000, 0x000000061a000000|  0%| F|  |TAMS 0x0000000619e00000, 0x0000000619e00000| Untracked 
| 199|0x000000061a000000, 0x000000061a000000, 0x000000061a200000|  0%| F|  |TAMS 0x000000061a000000, 0x000000061a000000| Untracked 
| 200|0x000000061a200000, 0x000000061a200000, 0x000000061a400000|  0%| F|  |TAMS 0x000000061a200000, 0x000000061a200000| Untracked 
| 201|0x000000061a400000, 0x000000061a400000, 0x000000061a600000|  0%| F|  |TAMS 0x000000061a400000, 0x000000061a400000| Untracked 
| 202|0x000000061a600000, 0x000000061a600000, 0x000000061a800000|  0%| F|  |TAMS 0x000000061a600000, 0x000000061a600000| Untracked 
| 203|0x000000061a800000, 0x000000061a800000, 0x000000061aa00000|  0%| F|  |TAMS 0x000000061a800000, 0x000000061a800000| Untracked 
| 204|0x000000061aa00000, 0x000000061aa00000, 0x000000061ac00000|  0%| F|  |TAMS 0x000000061aa00000, 0x000000061aa00000| Untracked 
| 205|0x000000061ac00000, 0x000000061ac00000, 0x000000061ae00000|  0%| F|  |TAMS 0x000000061ac00000, 0x000000061ac00000| Untracked 
| 206|0x000000061ae00000, 0x000000061ae00000, 0x000000061b000000|  0%| F|  |TAMS 0x000000061ae00000, 0x000000061ae00000| Untracked 
| 207|0x000000061b000000, 0x000000061b000000, 0x000000061b200000|  0%| F|  |TAMS 0x000000061b000000, 0x000000061b000000| Untracked 
| 208|0x000000061b200000, 0x000000061b200000, 0x000000061b400000|  0%| F|  |TAMS 0x000000061b200000, 0x000000061b200000| Untracked 
| 209|0x000000061b400000, 0x000000061b400000, 0x000000061b600000|  0%| F|  |TAMS 0x000000061b400000, 0x000000061b400000| Untracked 
| 210|0x000000061b600000, 0x000000061b600000, 0x000000061b800000|  0%| F|  |TAMS 0x000000061b600000, 0x000000061b600000| Untracked 
| 211|0x000000061b800000, 0x000000061b800000, 0x000000061ba00000|  0%| F|  |TAMS 0x000000061b800000, 0x000000061b800000| Untracked 
| 212|0x000000061ba00000, 0x000000061ba00000, 0x000000061bc00000|  0%| F|  |TAMS 0x000000061ba00000, 0x000000061ba00000| Untracked 
| 213|0x000000061bc00000, 0x000000061bc00000, 0x000000061be00000|  0%| F|  |TAMS 0x000000061bc00000, 0x000000061bc00000| Untracked 
| 214|0x000000061be00000, 0x000000061be00000, 0x000000061c000000|  0%| F|  |TAMS 0x000000061be00000, 0x000000061be00000| Untracked 
| 215|0x000000061c000000, 0x000000061c000000, 0x000000061c200000|  0%| F|  |TAMS 0x000000061c000000, 0x000000061c000000| Untracked 
| 216|0x000000061c200000, 0x000000061c200000, 0x000000061c400000|  0%| F|  |TAMS 0x000000061c200000, 0x000000061c200000| Untracked 
| 217|0x000000061c400000, 0x000000061c400000, 0x000000061c600000|  0%| F|  |TAMS 0x000000061c400000, 0x000000061c400000| Untracked 
| 218|0x000000061c600000, 0x000000061c600000, 0x000000061c800000|  0%| F|  |TAMS 0x000000061c600000, 0x000000061c600000| Untracked 
| 219|0x000000061c800000, 0x000000061c800000, 0x000000061ca00000|  0%| F|  |TAMS 0x000000061c800000, 0x000000061c800000| Untracked 
| 220|0x000000061ca00000, 0x000000061ca00000, 0x000000061cc00000|  0%| F|  |TAMS 0x000000061ca00000, 0x000000061ca00000| Untracked 
| 221|0x000000061cc00000, 0x000000061cc00000, 0x000000061ce00000|  0%| F|  |TAMS 0x000000061cc00000, 0x000000061cc00000| Untracked 
| 222|0x000000061ce00000, 0x000000061ce00000, 0x000000061d000000|  0%| F|  |TAMS 0x000000061ce00000, 0x000000061ce00000| Untracked 
| 223|0x000000061d000000, 0x000000061d000000, 0x000000061d200000|  0%| F|  |TAMS 0x000000061d000000, 0x000000061d000000| Untracked 
| 224|0x000000061d200000, 0x000000061d200000, 0x000000061d400000|  0%| F|  |TAMS 0x000000061d200000, 0x000000061d200000| Untracked 
| 225|0x000000061d400000, 0x000000061d400000, 0x000000061d600000|  0%| F|  |TAMS 0x000000061d400000, 0x000000061d400000| Untracked 
| 226|0x000000061d600000, 0x000000061d600000, 0x000000061d800000|  0%| F|  |TAMS 0x000000061d600000, 0x000000061d600000| Untracked 
| 227|0x000000061d800000, 0x000000061d800000, 0x000000061da00000|  0%| F|  |TAMS 0x000000061d800000, 0x000000061d800000| Untracked 
| 228|0x000000061da00000, 0x000000061da00000, 0x000000061dc00000|  0%| F|  |TAMS 0x000000061da00000, 0x000000061da00000| Untracked 
| 229|0x000000061dc00000, 0x000000061dc00000, 0x000000061de00000|  0%| F|  |TAMS 0x000000061dc00000, 0x000000061dc00000| Untracked 
| 230|0x000000061de00000, 0x000000061de00000, 0x000000061e000000|  0%| F|  |TAMS 0x000000061de00000, 0x000000061de00000| Untracked 
| 231|0x000000061e000000, 0x000000061e000000, 0x000000061e200000|  0%| F|  |TAMS 0x000000061e000000, 0x000000061e000000| Untracked 
| 232|0x000000061e200000, 0x000000061e200000, 0x000000061e400000|  0%| F|  |TAMS 0x000000061e200000, 0x000000061e200000| Untracked 
| 233|0x000000061e400000, 0x000000061e400000, 0x000000061e600000|  0%| F|  |TAMS 0x000000061e400000, 0x000000061e400000| Untracked 
| 234|0x000000061e600000, 0x000000061e600000, 0x000000061e800000|  0%| F|  |TAMS 0x000000061e600000, 0x000000061e600000| Untracked 
| 235|0x000000061e800000, 0x000000061e800000, 0x000000061ea00000|  0%| F|  |TAMS 0x000000061e800000, 0x000000061e800000| Untracked 
| 236|0x000000061ea00000, 0x000000061ea00000, 0x000000061ec00000|  0%| F|  |TAMS 0x000000061ea00000, 0x000000061ea00000| Untracked 
| 237|0x000000061ec00000, 0x000000061ec00000, 0x000000061ee00000|  0%| F|  |TAMS 0x000000061ec00000, 0x000000061ec00000| Untracked 
| 238|0x000000061ee00000, 0x000000061ee00000, 0x000000061f000000|  0%| F|  |TAMS 0x000000061ee00000, 0x000000061ee00000| Untracked 
| 239|0x000000061f000000, 0x000000061f000000, 0x000000061f200000|  0%| F|  |TAMS 0x000000061f000000, 0x000000061f000000| Untracked 
| 240|0x000000061f200000, 0x000000061f200000, 0x000000061f400000|  0%| F|  |TAMS 0x000000061f200000, 0x000000061f200000| Untracked 
| 241|0x000000061f400000, 0x000000061f400000, 0x000000061f600000|  0%| F|  |TAMS 0x000000061f400000, 0x000000061f400000| Untracked 
| 242|0x000000061f600000, 0x000000061f637ce0, 0x000000061f800000| 10%| S|CS|TAMS 0x000000061f600000, 0x000000061f600000| Complete 
| 243|0x000000061f800000, 0x000000061fa00000, 0x000000061fa00000|100%| S|CS|TAMS 0x000000061f800000, 0x000000061f800000| Complete 
| 244|0x000000061fa00000, 0x000000061fa00000, 0x000000061fc00000|  0%| F|  |TAMS 0x000000061fa00000, 0x000000061fa00000| Untracked 
| 245|0x000000061fc00000, 0x000000061fc00000, 0x000000061fe00000|  0%| F|  |TAMS 0x000000061fc00000, 0x000000061fc00000| Untracked 
| 246|0x000000061fe00000, 0x000000061fe00000, 0x0000000620000000|  0%| F|  |TAMS 0x000000061fe00000, 0x000000061fe00000| Untracked 
| 247|0x0000000620000000, 0x0000000620000000, 0x0000000620200000|  0%| F|  |TAMS 0x0000000620000000, 0x0000000620000000| Untracked 
| 248|0x0000000620200000, 0x0000000620200000, 0x0000000620400000|  0%| F|  |TAMS 0x0000000620200000, 0x0000000620200000| Untracked 
| 249|0x0000000620400000, 0x0000000620400000, 0x0000000620600000|  0%| F|  |TAMS 0x0000000620400000, 0x0000000620400000| Untracked 
| 250|0x0000000620600000, 0x0000000620600000, 0x0000000620800000|  0%| F|  |TAMS 0x0000000620600000, 0x0000000620600000| Untracked 
| 251|0x0000000620800000, 0x0000000620800000, 0x0000000620a00000|  0%| F|  |TAMS 0x0000000620800000, 0x0000000620800000| Untracked 
| 252|0x0000000620a00000, 0x0000000620a00000, 0x0000000620c00000|  0%| F|  |TAMS 0x0000000620a00000, 0x0000000620a00000| Untracked 
| 253|0x0000000620c00000, 0x0000000620c00000, 0x0000000620e00000|  0%| F|  |TAMS 0x0000000620c00000, 0x0000000620c00000| Untracked 
| 254|0x0000000620e00000, 0x0000000621000000, 0x0000000621000000|100%| E|  |TAMS 0x0000000620e00000, 0x0000000620e00000| Complete 
| 255|0x0000000621000000, 0x0000000621200000, 0x0000000621200000|100%| E|CS|TAMS 0x0000000621000000, 0x0000000621000000| Complete 

Card table byte_map: [0x0000016867760000,0x0000016868760000] _byte_map_base: 0x0000016864757000

Marking Bits (Prev, Next): (CMBitMap*) 0x000001684ee106e8, (CMBitMap*) 0x000001684ee10720
 Prev Bits: [0x0000016869760000, 0x0000016871718000)
 Next Bits: [0x0000016871720000, 0x00000168796d8000)

Polling page: 0x000001684cd80000

Metaspace:

Usage:
  Non-class:     13.23 MB capacity,    13.06 MB ( 99%) used,   158.91 KB (  1%) free+waste,    15.50 KB ( <1%) overhead. 
      Class:      1.04 MB capacity,  1017.23 KB ( 96%) used,    42.52 KB (  4%) free+waste,     5.25 KB ( <1%) overhead. 
       Both:     14.27 MB capacity,    14.06 MB ( 98%) used,   201.43 KB (  1%) free+waste,    20.75 KB ( <1%) overhead. 

Virtual space:
  Non-class space:       14.00 MB reserved,      13.50 MB ( 96%) committed 
      Class space:        1.00 GB reserved,       1.13 MB ( <1%) committed 
             Both:        1.01 GB reserved,      14.63 MB (  1%) committed 

Chunk freelists:
   Non-Class:  10.25 KB
       Class:  2.88 KB
        Both:  13.13 KB

CodeHeap 'non-profiled nmethods': size=120000Kb used=253Kb max_used=253Kb free=119747Kb
 bounds [0x000001685ece0000, 0x000001685ef50000, 0x0000016866210000]
CodeHeap 'profiled nmethods': size=120000Kb used=1561Kb max_used=1561Kb free=118438Kb
 bounds [0x00000168577b0000, 0x0000016857a20000, 0x000001685ece0000]
CodeHeap 'non-nmethods': size=5760Kb used=1575Kb max_used=1587Kb free=4184Kb
 bounds [0x0000016857210000, 0x0000016857480000, 0x00000168577b0000]
 total_blobs=1839 nmethods=834 adapters=925
 compilation: enabled
              stopped_count=0, restarted_count=0
 full_count=0

Compilation events (10 events):
Event: 2.460 Thread 0x000001687ce2d000 nmethod 829 0x000001685ed1e610 code [0x000001685ed1e7a0, 0x000001685ed1ea38]
Event: 2.460 Thread 0x000001687ce2d000  831  s    3       java.lang.StringBuffer::append (13 bytes)
Event: 2.460 Thread 0x000001687ce2d000 nmethod 831 0x0000016857934f90 code [0x0000016857935140, 0x00000168579354b0]
Event: 2.460 Thread 0x000001687ce2d000  832       3       java.lang.Character::getType (9 bytes)
Event: 2.460 Thread 0x000001687ce2d000 nmethod 832 0x0000016857935590 code [0x0000016857935740, 0x0000016857935980]
Event: 2.460 Thread 0x000001687ce2d000  833       3       java.lang.CharacterDataLatin1::getType (11 bytes)
Event: 2.460 Thread 0x000001687ce2d000 nmethod 833 0x0000016857935a90 code [0x0000016857935c40, 0x0000016857935e58]
Event: 2.460 Thread 0x000001687ce2d000  834       3       java.lang.Character::isDigit (5 bytes)
Event: 2.460 Thread 0x000001687ce2d000 nmethod 834 0x0000016857935f90 code [0x0000016857936160, 0x00000168579364c0]
Event: 2.462 Thread 0x000001687ce20800 nmethod 830 0x000001685ed1eb10 code [0x000001685ed1ecc0, 0x000001685ed1f1a8]

GC Heap History (2 events):
Event: 2.364 GC heap before
{Heap before GC invocations=0 (full 0):
 garbage-first heap   total 524288K, used 22528K [0x0000000601200000, 0x0000000800000000)
  region size 2048K, 12 young (24576K), 0 survivors (0K)
 Metaspace       used 13710K, capacity 13876K, committed 14080K, reserved 1062912K
  class space    used 935K, capacity 968K, committed 1024K, reserved 1048576K
}
Event: 2.366 GC heap after
{Heap after GC invocations=1 (full 0):
 garbage-first heap   total 524288K, used 2271K [0x0000000601200000, 0x0000000800000000)
  region size 2048K, 2 young (4096K), 2 survivors (4096K)
 Metaspace       used 13710K, capacity 13876K, committed 14080K, reserved 1062912K
  class space    used 935K, capacity 968K, committed 1024K, reserved 1048576K
}

Deoptimization events (10 events):
Event: 0.101 Thread 0x000001684ed8b000 Uncommon trap: reason=class_check action=maybe_recompile pc=0x000001685ececd50 method=java.util.HashMap.putVal(ILjava/lang/Object;Ljava/lang/Object;ZZ)Ljava/lang/Object; @ 152 c2
Event: 0.107 Thread 0x000001684ed8b000 Uncommon trap: reason=unstable_if action=reinterpret pc=0x000001685ece877c method=java.lang.String.isLatin1()Z @ 10 c2
Event: 0.109 Thread 0x000001684ed8b000 Uncommon trap: reason=class_check action=maybe_recompile pc=0x000001685ececd50 method=java.util.HashMap.putVal(ILjava/lang/Object;Ljava/lang/Object;ZZ)Ljava/lang/Object; @ 152 c2
Event: 0.116 Thread 0x000001684ed8b000 Uncommon trap: reason=class_check action=maybe_recompile pc=0x000001685ececd50 method=java.util.HashMap.putVal(ILjava/lang/Object;Ljava/lang/Object;ZZ)Ljava/lang/Object; @ 152 c2
Event: 0.117 Thread 0x000001684ed8b000 Uncommon trap: reason=class_check action=maybe_recompile pc=0x000001685ececd50 method=java.util.HashMap.putVal(ILjava/lang/Object;Ljava/lang/Object;ZZ)Ljava/lang/Object; @ 152 c2
Event: 0.137 Thread 0x000001684ed8b000 Uncommon trap: reason=unstable_if action=reinterpret pc=0x000001685ece117c method=java.lang.String.isLatin1()Z @ 10 c2
Event: 1.839 Thread 0x000001684ed8b000 Uncommon trap: reason=bimorphic_or_optimized_type_check action=maybe_recompile pc=0x000001685ece8a14 method=java.util.AbstractCollection.isEmpty()Z @ 1 c2
Event: 1.839 Thread 0x000001684ed8b000 Uncommon trap: reason=bimorphic_or_optimized_type_check action=maybe_recompile pc=0x000001685ece8a14 method=java.util.AbstractCollection.isEmpty()Z @ 1 c2
Event: 1.839 Thread 0x000001684ed8b000 Uncommon trap: reason=bimorphic_or_optimized_type_check action=maybe_recompile pc=0x000001685ece8a14 method=java.util.AbstractCollection.isEmpty()Z @ 1 c2
Event: 1.851 Thread 0x000001684ed8b000 Uncommon trap: reason=unstable_if action=reinterpret pc=0x000001685ecf3e84 method=java.io.WinNTFileSystem.isSlash(C)Z @ 9 c2

Classes redefined (0 events):
No events

Internal exceptions (10 events):
Event: 1.878 Thread 0x000001684ed8b000 Exception <a 'java/security/PrivilegedActionException'{0x0000000620816b70}> (0x0000000620816b70) thrown at [./open/src/hotspot/share/prims/jvm.cpp, line 1296]
Event: 1.878 Thread 0x000001684ed8b000 Exception <a 'java/security/PrivilegedActionException'{0x0000000620816e40}> (0x0000000620816e40) thrown at [./open/src/hotspot/share/prims/jvm.cpp, line 1296]
Event: 1.878 Thread 0x000001684ed8b000 Exception <a 'java/security/PrivilegedActionException'{0x0000000620818620}> (0x0000000620818620) thrown at [./open/src/hotspot/share/prims/jvm.cpp, line 1296]
Event: 1.878 Thread 0x000001684ed8b000 Exception <a 'java/security/PrivilegedActionException'{0x00000006208188f0}> (0x00000006208188f0) thrown at [./open/src/hotspot/share/prims/jvm.cpp, line 1296]
Event: 1.887 Thread 0x000001684ed8b000 Exception <a 'sun/nio/fs/WindowsException'{0x00000006208f8398}> (0x00000006208f8398) thrown at [./open/src/hotspot/share/prims/jni.cpp, line 611]
Event: 1.887 Thread 0x000001684ed8b000 Exception <a 'sun/nio/fs/WindowsException'{0x00000006208f86f8}> (0x00000006208f86f8) thrown at [./open/src/hotspot/share/prims/jni.cpp, line 611]
Event: 2.211 Thread 0x000001684ed8b000 Exception <a 'sun/nio/fs/WindowsException'{0x00000006209aae78}> (0x00000006209aae78) thrown at [./open/src/hotspot/share/prims/jni.cpp, line 611]
Event: 2.211 Thread 0x000001684ed8b000 Exception <a 'sun/nio/fs/WindowsException'{0x00000006209ab218}> (0x00000006209ab218) thrown at [./open/src/hotspot/share/prims/jni.cpp, line 611]
Event: 2.213 Thread 0x000001684ed8b000 Exception <a 'sun/nio/fs/WindowsException'{0x00000006209c1c68}> (0x00000006209c1c68) thrown at [./open/src/hotspot/share/prims/jni.cpp, line 611]
Event: 2.213 Thread 0x000001684ed8b000 Exception <a 'sun/nio/fs/WindowsException'{0x00000006209c1f38}> (0x00000006209c1f38) thrown at [./open/src/hotspot/share/prims/jni.cpp, line 611]

Events (10 events):
Event: 15.702 Executing VM operation: ChangeSingleStep
Event: 15.702 Executing VM operation: ChangeSingleStep done
Event: 15.702 Executing VM operation: ChangeSingleStep
Event: 15.702 Executing VM operation: ChangeSingleStep done
Event: 15.702 Executing VM operation: GetCurrentLocation
Event: 15.702 Executing VM operation: GetCurrentLocation done
Event: 15.702 Executing VM operation: ChangeSingleStep
Event: 15.702 Executing VM operation: ChangeSingleStep done
Event: 15.702 Executing VM operation: ChangeSingleStep
Event: 15.702 Executing VM operation: ChangeSingleStep done


Dynamic libraries:
0x00007ff73b320000 - 0x00007ff73b32f000 	C:\Program Files\Java\jdk-11.0.9\bin\java.exe
0x00007ff91dfd0000 - 0x00007ff91e1c5000 	C:\Windows\SYSTEM32\ntdll.dll
0x00007ff91d4c0000 - 0x00007ff91d57d000 	C:\Windows\System32\KERNEL32.DLL
0x00007ff91b710000 - 0x00007ff91b9d9000 	C:\Windows\System32\KERNELBASE.dll
0x00007ff91ba80000 - 0x00007ff91bb80000 	C:\Windows\System32\ucrtbase.dll
0x00007ff8fc830000 - 0x00007ff8fc845000 	C:\Program Files\Java\jdk-11.0.9\bin\VCRUNTIME140.dll
0x00007ff909a70000 - 0x00007ff909a88000 	C:\Program Files\Java\jdk-11.0.9\bin\jli.dll
0x00007ff91d580000 - 0x00007ff91d62c000 	C:\Windows\System32\ADVAPI32.dll
0x00007ff91c2a0000 - 0x00007ff91c33e000 	C:\Windows\System32\msvcrt.dll
0x00007ff91d420000 - 0x00007ff91d4bc000 	C:\Windows\System32\sechost.dll
0x00007ff91d110000 - 0x00007ff91d23b000 	C:\Windows\System32\RPCRT4.dll
0x00007ff91cf70000 - 0x00007ff91d110000 	C:\Windows\System32\USER32.dll
0x00007ff91bf50000 - 0x00007ff91bf72000 	C:\Windows\System32\win32u.dll
0x00007ff8fd140000 - 0x00007ff8fd3da000 	C:\Windows\WinSxS\amd64_microsoft.windows.common-controls_6595b64144ccf1df_6.0.19041.844_none_ca00b6081b84eb1d\COMCTL32.dll
0x00007ff91d2f0000 - 0x00007ff91d31a000 	C:\Windows\System32\GDI32.dll
0x00007ff91bbe0000 - 0x00007ff91bceb000 	C:\Windows\System32\gdi32full.dll
0x00007ff91b9e0000 - 0x00007ff91ba7d000 	C:\Windows\System32\msvcp_win.dll
0x00007ff914620000 - 0x00007ff91462a000 	C:\Windows\SYSTEM32\VERSION.dll
0x00007ff91c270000 - 0x00007ff91c2a0000 	C:\Windows\System32\IMM32.DLL
0x00007ff8bc1e0000 - 0x00007ff8bc27b000 	C:\Program Files\Java\jdk-11.0.9\bin\msvcp140.dll
0x00007ff8a2cf0000 - 0x00007ff8a37e7000 	C:\Program Files\Java\jdk-11.0.9\bin\server\jvm.dll
0x00007ff91df80000 - 0x00007ff91df88000 	C:\Windows\System32\PSAPI.DLL
0x00007ff9165a0000 - 0x00007ff9165a9000 	C:\Windows\SYSTEM32\WSOCK32.dll
0x00007ff90af20000 - 0x00007ff90af47000 	C:\Windows\SYSTEM32\WINMM.dll
0x00007ff91cf00000 - 0x00007ff91cf6b000 	C:\Windows\System32\WS2_32.dll
0x00007ff919570000 - 0x00007ff919582000 	C:\Windows\SYSTEM32\kernel.appcore.dll
0x00007ff916570000 - 0x00007ff916580000 	C:\Program Files\Java\jdk-11.0.9\bin\verify.dll
0x00007ff9045e0000 - 0x00007ff9047c4000 	C:\Windows\SYSTEM32\DBGHELP.DLL
0x00007ff908160000 - 0x00007ff90818c000 	C:\Windows\SYSTEM32\dbgcore.DLL
0x00007ff91bea0000 - 0x00007ff91bf20000 	C:\Windows\System32\bcryptPrimitives.dll
0x00007ff8d71a0000 - 0x00007ff8d71c8000 	C:\Program Files\Java\jdk-11.0.9\bin\java.dll
0x00007ff916290000 - 0x00007ff91629a000 	C:\Program Files\Java\jdk-11.0.9\bin\jimage.dll
0x00007ff8d1ff0000 - 0x00007ff8d2028000 	C:\Program Files\Java\jdk-11.0.9\bin\jdwp.dll
0x00007ff8f4300000 - 0x00007ff8f430e000 	C:\Program Files\Java\jdk-11.0.9\bin\instrument.dll
0x00007ff8eecf0000 - 0x00007ff8eed06000 	C:\Program Files\Java\jdk-11.0.9\bin\zip.dll
0x00007ff91c6c0000 - 0x00007ff91ce02000 	C:\Windows\System32\SHELL32.dll
0x00007ff919850000 - 0x00007ff919fe0000 	C:\Windows\SYSTEM32\windows.storage.dll
0x00007ff91dc20000 - 0x00007ff91df75000 	C:\Windows\System32\combase.dll
0x00007ff91b0b0000 - 0x00007ff91b0dc000 	C:\Windows\SYSTEM32\Wldp.dll
0x00007ff91d700000 - 0x00007ff91d7ae000 	C:\Windows\System32\SHCORE.dll
0x00007ff91ce10000 - 0x00007ff91ce65000 	C:\Windows\System32\shlwapi.dll
0x00007ff91b650000 - 0x00007ff91b66f000 	C:\Windows\SYSTEM32\profapi.dll
0x00007ff8f1970000 - 0x00007ff8f197a000 	C:\Program Files\Java\jdk-11.0.9\bin\dt_socket.dll
0x00007ff91aea0000 - 0x00007ff91af0a000 	C:\Windows\system32\mswsock.dll
0x00007ff8ee340000 - 0x00007ff8ee359000 	C:\Program Files\Java\jdk-11.0.9\bin\net.dll
0x00007ff90fee0000 - 0x00007ff90ffec000 	C:\Windows\SYSTEM32\WINHTTP.dll
0x00007ff8d59e0000 - 0x00007ff8d59f2000 	C:\Program Files\Java\jdk-11.0.9\bin\nio.dll
0x00007ff8d1a60000 - 0x00007ff8d1ac4000 	C:\Users\ange\AppData\Local\Temp\lwjglange\3.2.3-build-13\lwjgl.dll
0x00007ff8c53a0000 - 0x00007ff8c5402000 	C:\Users\ange\AppData\Local\Temp\lwjglange\3.2.3-build-13\glfw.dll
0x00007ff919190000 - 0x00007ff91922e000 	C:\Windows\system32\uxtheme.dll
0x00007ff8d18a0000 - 0x00007ff8d18e5000 	C:\Windows\SYSTEM32\dinput8.dll
0x00007ff9077d0000 - 0x00007ff9077e1000 	C:\Windows\SYSTEM32\xinput1_4.dll
0x00007ff91be50000 - 0x00007ff91be9e000 	C:\Windows\System32\cfgmgr32.dll
0x00007ff91b4c0000 - 0x00007ff91b4ec000 	C:\Windows\SYSTEM32\DEVOBJ.dll
0x00007ff919540000 - 0x00007ff91956f000 	C:\Windows\SYSTEM32\dwmapi.dll
0x00007ff910bf0000 - 0x00007ff910d42000 	C:\Windows\SYSTEM32\inputhost.dll
0x00007ff91c340000 - 0x00007ff91c40d000 	C:\Windows\System32\OLEAUT32.dll
0x00007ff918280000 - 0x00007ff9183d4000 	C:\Windows\SYSTEM32\wintypes.dll
0x00007ff916e20000 - 0x00007ff916f17000 	C:\Windows\SYSTEM32\PROPSYS.dll
0x00007ff918cb0000 - 0x00007ff918da2000 	C:\Windows\SYSTEM32\CoreMessaging.dll
0x00007ff918950000 - 0x00007ff918cae000 	C:\Windows\SYSTEM32\CoreUIComponents.dll
0x00007ff91a420000 - 0x00007ff91a453000 	C:\Windows\SYSTEM32\ntmarta.dll
0x00007ff91c410000 - 0x00007ff91c525000 	C:\Windows\System32\MSCTF.dll
0x00007ff919fe0000 - 0x00007ff919fed000 	C:\Windows\SYSTEM32\HID.DLL
0x00007ff91d7b0000 - 0x00007ff91dc19000 	C:\Windows\System32\SETUPAPI.DLL
0x00007ff91bf20000 - 0x00007ff91bf47000 	C:\Windows\System32\bcrypt.dll
0x00007ff91bb80000 - 0x00007ff91bbe0000 	C:\Windows\System32\WINTRUST.dll
0x00007ff91bcf0000 - 0x00007ff91be4f000 	C:\Windows\System32\CRYPT32.dll
0x00007ff91b300000 - 0x00007ff91b312000 	C:\Windows\SYSTEM32\MSASN1.dll
0x00007ff8bb4b0000 - 0x00007ff8bb5d6000 	C:\Windows\SYSTEM32\opengl32.dll
0x00007ff8ee360000 - 0x00007ff8ee38c000 	C:\Windows\SYSTEM32\GLU32.dll
0x00007ff91d240000 - 0x00007ff91d2e9000 	C:\Windows\System32\clbcatq.dll
0x00007ff8a0360000 - 0x00007ff8a2ce9000 	C:\Windows\System32\DriverStore\FileRepository\nv_dispi.inf_amd64_a51067c0ac557884\nvoglv64.dll
0x00007ff91c590000 - 0x00007ff91c6ba000 	C:\Windows\System32\ole32.dll
0x00007ff917210000 - 0x00007ff917224000 	C:\Windows\SYSTEM32\WTSAPI32.dll
0x00007ff9144f0000 - 0x00007ff914521000 	C:\Windows\SYSTEM32\cryptnet.dll
0x00007ff91b020000 - 0x00007ff91b02c000 	C:\Windows\SYSTEM32\cryptbase.dll
0x00007ff9126a0000 - 0x00007ff9126db000 	C:\Windows\SYSTEM32\dxcore.dll
0x00007ff8dc8d0000 - 0x00007ff8dcb89000 	C:\Windows\system32\nvspcap64.dll
0x00007ff91ac80000 - 0x00007ff91accb000 	C:\Windows\SYSTEM32\powrprof.dll
0x00007ff91ab40000 - 0x00007ff91ab52000 	C:\Windows\SYSTEM32\UMPDC.dll
0x00007ff91a4d0000 - 0x00007ff91a52a000 	C:\Windows\SYSTEM32\WINSTA.dll
0x00007ff911d90000 - 0x00007ff911e8b000 	C:\Windows\SYSTEM32\textinputframework.dll
0x00007ff8c6ee0000 - 0x00007ff8c6f39000 	C:\Users\ange\AppData\Local\Temp\lwjglange\3.2.3-build-13\lwjgl_opengl.dll

dbghelp: loaded successfully - version: 4.0.5 - missing functions: none
symbol engine: initialized successfully - sym options: 0x614 - pdb path: .;C:\Program Files\Java\jdk-11.0.9\bin;C:\Windows\SYSTEM32;C:\Windows\WinSxS\amd64_microsoft.windows.common-controls_6595b64144ccf1df_6.0.19041.844_none_ca00b6081b84eb1d;C:\Program Files\Java\jdk-11.0.9\bin\server;C:\Users\ange\AppData\Local\Temp\lwjglange\3.2.3-build-13;C:\Windows\System32\DriverStore\FileRepository\nv_dispi.inf_amd64_a51067c0ac557884

VM Arguments:
jvm_args: -agentlib:jdwp=transport=dt_socket,address=127.0.0.1:53729,suspend=y,server=n -javaagent:C:\Users\ange\AppData\Local\JetBrains\Toolbox\apps\IDEA-U\ch-0\203.7148.57\plugins\java\lib\rt\debugger-agent.jar -Dfile.encoding=UTF-8 
java_command: MainKt
java_class_path (initial): C:\Users\ange\Documents\travail\testlg\build\classes\kotlin\main;C:\Users\ange\.gradle\caches\modules-2\files-2.1\org.jetbrains.kotlin\kotlin-stdlib-jdk8\1.4.31\e613be5465ef1e6fd0468707690b7ebf625ea2fe\kotlin-stdlib-jdk8-1.4.31.jar;C:\Users\ange\.gradle\caches\modules-2\files-2.1\org.joml\joml\1.9.2\b9db0f365d01b70d99a7a36819f42211b2f9bcf8\joml-1.9.2.jar;C:\Users\ange\.gradle\caches\modules-2\files-2.1\org.jetbrains.kotlin\kotlin-stdlib\1.4.31\a58e0fb9812a6a93ca24b5da75e4b5a0cb89c957\kotlin-stdlib-1.4.31.jar;C:\Users\ange\.gradle\caches\modules-2\files-2.1\org.lwjgl\lwjgl-assimp\3.2.3\f62aa07a20afbdd3097efc296c4841e0d29700eb\lwjgl-assimp-3.2.3.jar;C:\Users\ange\.gradle\caches\modules-2\files-2.1\org.lwjgl\lwjgl-glfw\3.2.3\5e520d5c290c8b012545a8d34fa5db5ab051ea53\lwjgl-glfw-3.2.3.jar;C:\Users\ange\.gradle\caches\modules-2\files-2.1\org.lwjgl\lwjgl-openal\3.2.3\106742e805803ab9eab8e343f0fb31a3d263903c\lwjgl-openal-3.2.3.jar;C:\Users\ange\.gradle\caches\modules-2\files-2.1\org.lwjgl\lwjgl-opengl\3.2.3\bdd534a323d0c8f54969b95e424b6ac8984f7d6e\lwjgl-opengl-3.2.3.jar;C:\Users\ange\.gradle\caches\modules-2\files-2.1\org.lwjgl\lwjgl-stb\3.2.3\40eccaa4fa86fc815f2e17946a392fb5fdcc286a\lwjgl-stb-3.2.3.jar;C:\Users\ange\.gradle\caches\modules-2\files-2.1\org.lwjgl\lwjgl\3.2.3\17a59ba0fe8d474ec9dbe0d5db40d2cfe59c4c08\lwjgl-3.2.3.jar;C:\Users\ange\.gradle\caches\modules-2\files-2.1\org.jetbrains.kotlin\kotlin-stdlib-jdk7\1.4.31\84ce8e85f6e84270b2b501d44e9f0ba6ff64fa71\kotlin-stdlib-jdk7-1.4.31.jar;C:\Users\ange\.gradle\caches\modules-2\files-2.1\org.jetbrains.kotlin\kotlin-stdlib-common\1.4.31\6dd50665802f54ba9bc3f70ecb20227d1bc81323\kotlin-stdlib-common-1.4.31.jar;C:\Users\ange\.gradle\caches\modules-2\files-2.1\org.jetbrains\annotations\13.0\919f0dfe192fb4e063e7dacadee7f8bb9a2672a9\annotations-13.0.jar;C:\Users\ange\.gradle\caches\modules-2\files-2.1\org.lwjgl\lwjgl-assimp\3.2.3\4e60aeb75f0343c4a9ede4ef8b6b32ca702a00a3\lwjgl-assimp-3.2.3-natives-win
Launcher Type: SUN_STANDARD

[Global flags]
     intx CICompilerCount                          = 4                                         {product} {ergonomic}
     uint ConcGCThreads                            = 3                                         {product} {ergonomic}
     uint G1ConcRefinementThreads                  = 10                                        {product} {ergonomic}
   size_t G1HeapRegionSize                         = 2097152                                   {product} {ergonomic}
    uintx GCDrainStackTargetSize                   = 64                                        {product} {ergonomic}
   size_t InitialHeapSize                          = 536870912                                 {product} {ergonomic}
   size_t MarkStackSize                            = 4194304                                   {product} {ergonomic}
   size_t MaxHeapSize                              = 8571060224                                {product} {ergonomic}
   size_t MaxNewSize                               = 5142216704                                {product} {ergonomic}
   size_t MinHeapDeltaBytes                        = 2097152                                   {product} {ergonomic}
    uintx NonNMethodCodeHeapSize                   = 5836300                                {pd product} {ergonomic}
    uintx NonProfiledCodeHeapSize                  = 122910970                              {pd product} {ergonomic}
    uintx ProfiledCodeHeapSize                     = 122910970                              {pd product} {ergonomic}
    uintx ReservedCodeCacheSize                    = 251658240                              {pd product} {ergonomic}
     bool SegmentedCodeCache                       = true                                      {product} {ergonomic}
     bool UseCompressedClassPointers               = true                                 {lp64_product} {ergonomic}
     bool UseCompressedOops                        = true                                 {lp64_product} {ergonomic}
     bool UseG1GC                                  = true                                      {product} {ergonomic}
     bool UseLargePagesIndividualAllocation        = false                                  {pd product} {ergonomic}

Logging:
Log output configuration:
 #0: stdout all=warning uptime,level,tags
 #1: stderr all=off uptime,level,tags

Environment Variables:
PATH=C:\Program Files (x86)\Razer\ChromaBroadcast\bin;C:\Program Files\Razer\ChromaBroadcast\bin;C:\Program Files\Common Files\Oracle\Java\javapath;C:\Windows\system32;C:\Windows;C:\Windows\System32\Wbem;C:\Windows\System32\WindowsPowerShell\v1.0\;C:\Windows\System32\OpenSSH\;C:\Program Files (x86)\NVIDIA Corporation\PhysX\Common;C:\Program Files\NVIDIA Corporation\NVIDIA NvDLISR;C:\Windows\system32\config\systemprofile\AppData\Local\Microsoft\WindowsApps;C:\Program Files\Git\cmd;C:\Program Files\Docker\Docker\resources\bin;C:\ProgramData\DockerDesktop\version-bin;C:\Users\ange\AppData\Local\Microsoft\WindowsApps;;C:\Program Files\JetBrains\IntelliJ IDEA Community Edition 2020.3.2\bin;
USERNAME=ange
OS=Windows_NT
PROCESSOR_IDENTIFIER=AMD64 Family 25 Model 33 Stepping 0, AuthenticAMD



---------------  S Y S T E M  ---------------

OS: Windows 10 , 64 bit Build 19041 (10.0.19041.804)
HyperV virtualization detected

CPU:total 12 (initial active 12) (12 cores per cpu, 2 threads per core) family 25 model 33 stepping 0, cmov, cx8, fxsr, mmx, sse, sse2, sse3, ssse3, sse4.1, sse4.2, popcnt, avx, avx2, aes, clmul, erms, mmxext, 3dnowpref, lzcnt, sse4a, ht, tsc, tscinvbit, tscinv, bmi1, bmi2, adx, sha, fma

Memory: 4k page, system-wide physical 32694M (21817M free)
TotalPageFile size 37558M (AvailPageFile size 22387M)
current process WorkingSet (physical memory assigned to process): 124M, peak: 130M
current process commit charge ("private bytes"): 669M, peak: 674M

vm_info: Java HotSpot(TM) 64-Bit Server VM (11.0.9+7-LTS) for windows-amd64 JRE (11.0.9+7-LTS), built on Sep 15 2020 16:47:03 by "mach5one" with MS VC++ 15.9 (VS2017)

END.
