#
# A fatal error has been detected by the Java Runtime Environment:
#
#  EXCEPTION_ACCESS_VIOLATION (0xc0000005) at pc=0x00007ffd9bcad190, pid=14120, tid=14392
#
# JRE version: Java(TM) SE Runtime Environment 18.9 (11.0.9+7) (build 11.0.9+7-LTS)
# Java VM: Java HotSpot(TM) 64-Bit Server VM 18.9 (11.0.9+7-LTS, mixed mode, tiered, compressed oops, g1 gc, windows-amd64)
# Problematic frame:
# C  [nvoglv64.dll+0xb8d190]
#
# No core dump will be written. Minidumps are not enabled by default on client versions of Windows
#
# If you would like to submit a bug report, please visit:
#   https://bugreport.java.com/bugreport/crash.jsp
# The crash happened outside the Java Virtual Machine in native code.
# See problematic frame for where to report the bug.
#

---------------  S U M M A R Y ------------

Command Line: -javaagent:C:\Users\ange\AppData\Local\JetBrains\Toolbox\apps\IDEA-U\ch-0\203.7148.57\lib\idea_rt.jar=52279:C:\Users\ange\AppData\Local\JetBrains\Toolbox\apps\IDEA-U\ch-0\203.7148.57\bin -Dfile.encoding=UTF-8 MainKt

Host: AMD Ryzen 5 5600X 6-Core Processor             , 12 cores, 31G,  Windows 10 , 64 bit Build 19041 (10.0.19041.804)
Time: Sat Mar 20 19:09:22 2021 Romance Standard Time elapsed time: 0.783718 seconds (0d 0h 0m 0s)

---------------  T H R E A D  ---------------

Current thread (0x00000221255bc800):  JavaThread "main" [_thread_in_native, id=14392, stack(0x000000b500600000,0x000000b500700000)]

Stack: [0x000000b500600000,0x000000b500700000],  sp=0x000000b5006ff300,  free space=1020k
Native frames: (J=compiled Java code, j=interpreted, Vv=VM code, C=native code)
C  [nvoglv64.dll+0xb8d190]

Java frames: (J=compiled Java code, j=interpreted, Vv=VM code)
j  org.lwjgl.opengl.GL11C.nglDrawElements(IIIJ)V+0
j  org.lwjgl.opengl.GL11C.glDrawElements(ILjava/nio/IntBuffer;)V+12
j  org.lwjgl.opengl.GL11.glDrawElements(ILjava/nio/IntBuffer;)V+2
j  AppIml.tick-LRDsOJo(D)V+122
j  App.launch()V+52
j  MainKt.main()V+9
j  MainKt.main([Ljava/lang/String;)V+0
v  ~StubRoutines::call_stub

siginfo: EXCEPTION_ACCESS_VIOLATION (0xc0000005), reading address 0x0000000000000000


Register to memory mapping:

RIP=0x00007ffd9bcad190 nvoglv64.dll
RAX=0x0000000000000006 is an unknown value
RBX=0x0000000000000280 is an unknown value
RCX=0x0000022157caa1ac points into unknown readable memory: 00 00 00 00
RDX=0x0 is NULL
RSP=0x000000b5006ff300 is pointing into the stack for thread: 0x00000221255bc800
RBP=0x0000000000000007 is an unknown value
RSI=0x0000000000000018 is an unknown value
RDI=0x0000022157caa1ac points into unknown readable memory: 00 00 00 00
R8 =0x0000000000000003 is an unknown value
R9 =0xfffffddea8355e54 is an unknown value
R10=0x0 is NULL
R11=0x0000000000000018 is an unknown value
R12=0x0 is NULL
R13=0x00007ffd9b120000 nvoglv64.dll
R14=0x0 is NULL
R15=0x000002215520b438 points into unknown readable memory: 04 00 00 00 01 00 00 00


Registers:
RAX=0x0000000000000006, RBX=0x0000000000000280, RCX=0x0000022157caa1ac, RDX=0x0000000000000000
RSP=0x000000b5006ff300, RBP=0x0000000000000007, RSI=0x0000000000000018, RDI=0x0000022157caa1ac
R8 =0x0000000000000003, R9 =0xfffffddea8355e54, R10=0x0000000000000000, R11=0x0000000000000018
R12=0x0000000000000000, R13=0x00007ffd9b120000, R14=0x0000000000000000, R15=0x000002215520b438
RIP=0x00007ffd9bcad190, EFLAGS=0x0000000000010293

Top of Stack: (sp=0x000000b5006ff300)
0x000000b5006ff300:   0000000000000000 0000000000000000
0x000000b5006ff310:   00000221535f5d00 00007ffd9bb2030b
0x000000b5006ff320:   0000000000206006 0000000000000000
0x000000b5006ff330:   0000000000001405 0000000000000000
0x000000b5006ff340:   0000000000000024 00007ffd9bcae865
0x000000b5006ff350:   0000022153cac120 0000000000000023
0x000000b5006ff360:   0000022155209080 00000221583f8e20
0x000000b5006ff370:   00007ffd9659b0f0 0000022153b84260
0x000000b5006ff380:   00000005535f5d00 0000000000000000
0x000000b5006ff390:   000002215ae0e1a0 00000221255bc800
0x000000b5006ff3a0:   8000000000000000 0000000000000000
0x000000b5006ff3b0:   00000221255bd0b0 0000022153cac120
0x000000b5006ff3c0:   000000b5006ff560 0000000000001405
0x000000b5006ff3d0:   0000022155209080 0000000000000004
0x000000b5006ff3e0:   0000000000000024 000000b5006ff520
0x000000b5006ff3f0:   0000000000000000 00007ffd9b90d626 

Instructions: (pc=0x00007ffd9bcad190)
0x00007ffd9bcad170:   3b 08 4c 8b de 33 d2 45 85 c0 7e 2a 4d 8b ca 48
0x00007ffd9bcad180:   8b cf 4c 2b cf 66 66 66 0f 1f 84 00 00 00 00 00
0x00007ffd9bcad190:   42 8b 04 09 ff c2 89 01 48 8d 49 04 46 8b 44 3b
0x00007ffd9bcad1a0:   08 41 3b d0 7c ea 4a 63 44 3b 10 4c 03 d0 4a 63 


Stack slot to memory mapping:
stack at sp + 0 slots: 0x0 is NULL
stack at sp + 1 slots: 0x0 is NULL
stack at sp + 2 slots: 0x00000221535f5d00 points into unknown readable memory: 00 43 6f 6d 70 69 6c 65
stack at sp + 3 slots: 0x00007ffd9bb2030b nvoglv64.dll
stack at sp + 4 slots: 0x0000000000206006 is an unknown value
stack at sp + 5 slots: 0x0 is NULL
stack at sp + 6 slots: 0x0000000000001405 is an unknown value
stack at sp + 7 slots: 0x0 is NULL


---------------  P R O C E S S  ---------------

Threads class SMR info:
_java_thread_list=0x000002215379ce40, length=11, elements={
0x00000221255bc800, 0x00000221535f7000, 0x0000022153600000, 0x000002215364d800,
0x0000022153650800, 0x0000022153652000, 0x000002215365f800, 0x0000022153668000,
0x00000221537d6800, 0x0000022153c36800, 0x0000022153bca800
}

Java Threads: ( => current thread )
=>0x00000221255bc800 JavaThread "main" [_thread_in_native, id=14392, stack(0x000000b500600000,0x000000b500700000)]
  0x00000221535f7000 JavaThread "Reference Handler" daemon [_thread_blocked, id=10320, stack(0x000000b500d00000,0x000000b500e00000)]
  0x0000022153600000 JavaThread "Finalizer" daemon [_thread_blocked, id=1580, stack(0x000000b500e00000,0x000000b500f00000)]
  0x000002215364d800 JavaThread "Signal Dispatcher" daemon [_thread_blocked, id=15756, stack(0x000000b500f00000,0x000000b501000000)]
  0x0000022153650800 JavaThread "Attach Listener" daemon [_thread_blocked, id=18256, stack(0x000000b501000000,0x000000b501100000)]
  0x0000022153652000 JavaThread "C2 CompilerThread0" daemon [_thread_blocked, id=18232, stack(0x000000b501100000,0x000000b501200000)]
  0x000002215365f800 JavaThread "C1 CompilerThread0" daemon [_thread_blocked, id=1884, stack(0x000000b501200000,0x000000b501300000)]
  0x0000022153668000 JavaThread "Sweeper thread" daemon [_thread_blocked, id=9840, stack(0x000000b501300000,0x000000b501400000)]
  0x00000221537d6800 JavaThread "Common-Cleaner" daemon [_thread_blocked, id=17440, stack(0x000000b501400000,0x000000b501500000)]
  0x0000022153c36800 JavaThread "Monitor Ctrl-Break" daemon [_thread_in_native, id=17588, stack(0x000000b501600000,0x000000b501700000)]
  0x0000022153bca800 JavaThread "Service Thread" daemon [_thread_blocked, id=17592, stack(0x000000b501700000,0x000000b501800000)]

Other Threads:
  0x00000221535d2800 VMThread "VM Thread" [stack: 0x000000b500c00000,0x000000b500d00000] [id=15764]
  0x0000022153bcb800 WatcherThread [stack: 0x000000b501800000,0x000000b501900000] [id=17600]
  0x00000221255d1000 GCTaskThread "GC Thread#0" [stack: 0x000000b500700000,0x000000b500800000] [id=15596]
  0x000002215808a000 GCTaskThread "GC Thread#1" [stack: 0x000000b501e00000,0x000000b501f00000] [id=17680]
  0x000002215824a000 GCTaskThread "GC Thread#2" [stack: 0x000000b501f00000,0x000000b502000000] [id=15664]
  0x0000022157e82800 GCTaskThread "GC Thread#3" [stack: 0x000000b502000000,0x000000b502100000] [id=4468]
  0x00000221583d9800 GCTaskThread "GC Thread#4" [stack: 0x000000b502100000,0x000000b502200000] [id=17708]
  0x00000221583da800 GCTaskThread "GC Thread#5" [stack: 0x000000b502200000,0x000000b502300000] [id=17716]
  0x00000221583db800 GCTaskThread "GC Thread#6" [stack: 0x000000b502300000,0x000000b502400000] [id=17124]
  0x000002215839c800 GCTaskThread "GC Thread#7" [stack: 0x000000b502400000,0x000000b502500000] [id=10676]
  0x000002215839d000 GCTaskThread "GC Thread#8" [stack: 0x000000b502500000,0x000000b502600000] [id=4016]
  0x000002215839d800 GCTaskThread "GC Thread#9" [stack: 0x000000b502600000,0x000000b502700000] [id=17736]
  0x000002212564f000 ConcurrentGCThread "G1 Main Marker" [stack: 0x000000b500800000,0x000000b500900000] [id=12736]
  0x0000022125650800 ConcurrentGCThread "G1 Conc#0" [stack: 0x000000b500900000,0x000000b500a00000] [id=14312]
  0x0000022152c2e800 ConcurrentGCThread "G1 Refine#0" [stack: 0x000000b500a00000,0x000000b500b00000] [id=14360]
  0x0000022152c2f800 ConcurrentGCThread "G1 Young RemSet Sampling" [stack: 0x000000b500b00000,0x000000b500c00000] [id=13452]

Threads with active compile tasks:

VM state:not at safepoint (normal execution)

VM Mutex/Monitor currently owned by a thread: None

Heap address: 0x0000000601200000, size: 8174 MB, Compressed Oops mode: Zero based, Oop shift amount: 3
Narrow klass base: 0x0000000800000000, Narrow klass shift: 0
Compressed class space size: 1073741824 Address: 0x0000000800000000

Heap:
 garbage-first heap   total 524288K, used 4908K [0x0000000601200000, 0x0000000800000000)
  region size 2048K, 4 young (8192K), 2 survivors (4096K)
 Metaspace       used 15850K, capacity 16070K, committed 16384K, reserved 1064960K
  class space    used 1085K, capacity 1164K, committed 1280K, reserved 1048576K
Heap Regions: E=young(eden), S=young(survivor), O=old, HS=humongous(starts), HC=humongous(continues), CS=collection set, F=free, A=archive, TAMS=top-at-mark-start (previous, next)
|   0|0x0000000601200000, 0x0000000601200000, 0x0000000601400000|  0%| F|  |TAMS 0x0000000601200000, 0x0000000601200000| Untracked 
|   1|0x0000000601400000, 0x0000000601400000, 0x0000000601600000|  0%| F|  |TAMS 0x0000000601400000, 0x0000000601400000| Untracked 
|   2|0x0000000601600000, 0x0000000601600000, 0x0000000601800000|  0%| F|  |TAMS 0x0000000601600000, 0x0000000601600000| Untracked 
|   3|0x0000000601800000, 0x0000000601800000, 0x0000000601a00000|  0%| F|  |TAMS 0x0000000601800000, 0x0000000601800000| Untracked 
|   4|0x0000000601a00000, 0x0000000601a00000, 0x0000000601c00000|  0%| F|  |TAMS 0x0000000601a00000, 0x0000000601a00000| Untracked 
|   5|0x0000000601c00000, 0x0000000601c00000, 0x0000000601e00000|  0%| F|  |TAMS 0x0000000601c00000, 0x0000000601c00000| Untracked 
|   6|0x0000000601e00000, 0x0000000601e00000, 0x0000000602000000|  0%| F|  |TAMS 0x0000000601e00000, 0x0000000601e00000| Untracked 
|   7|0x0000000602000000, 0x0000000602000000, 0x0000000602200000|  0%| F|  |TAMS 0x0000000602000000, 0x0000000602000000| Untracked 
|   8|0x0000000602200000, 0x0000000602200000, 0x0000000602400000|  0%| F|  |TAMS 0x0000000602200000, 0x0000000602200000| Untracked 
|   9|0x0000000602400000, 0x0000000602400000, 0x0000000602600000|  0%| F|  |TAMS 0x0000000602400000, 0x0000000602400000| Untracked 
|  10|0x0000000602600000, 0x0000000602600000, 0x0000000602800000|  0%| F|  |TAMS 0x0000000602600000, 0x0000000602600000| Untracked 
|  11|0x0000000602800000, 0x0000000602800000, 0x0000000602a00000|  0%| F|  |TAMS 0x0000000602800000, 0x0000000602800000| Untracked 
|  12|0x0000000602a00000, 0x0000000602a00000, 0x0000000602c00000|  0%| F|  |TAMS 0x0000000602a00000, 0x0000000602a00000| Untracked 
|  13|0x0000000602c00000, 0x0000000602c00000, 0x0000000602e00000|  0%| F|  |TAMS 0x0000000602c00000, 0x0000000602c00000| Untracked 
|  14|0x0000000602e00000, 0x0000000602e00000, 0x0000000603000000|  0%| F|  |TAMS 0x0000000602e00000, 0x0000000602e00000| Untracked 
|  15|0x0000000603000000, 0x0000000603000000, 0x0000000603200000|  0%| F|  |TAMS 0x0000000603000000, 0x0000000603000000| Untracked 
|  16|0x0000000603200000, 0x0000000603200000, 0x0000000603400000|  0%| F|  |TAMS 0x0000000603200000, 0x0000000603200000| Untracked 
|  17|0x0000000603400000, 0x0000000603400000, 0x0000000603600000|  0%| F|  |TAMS 0x0000000603400000, 0x0000000603400000| Untracked 
|  18|0x0000000603600000, 0x0000000603600000, 0x0000000603800000|  0%| F|  |TAMS 0x0000000603600000, 0x0000000603600000| Untracked 
|  19|0x0000000603800000, 0x0000000603800000, 0x0000000603a00000|  0%| F|  |TAMS 0x0000000603800000, 0x0000000603800000| Untracked 
|  20|0x0000000603a00000, 0x0000000603a00000, 0x0000000603c00000|  0%| F|  |TAMS 0x0000000603a00000, 0x0000000603a00000| Untracked 
|  21|0x0000000603c00000, 0x0000000603c00000, 0x0000000603e00000|  0%| F|  |TAMS 0x0000000603c00000, 0x0000000603c00000| Untracked 
|  22|0x0000000603e00000, 0x0000000603e00000, 0x0000000604000000|  0%| F|  |TAMS 0x0000000603e00000, 0x0000000603e00000| Untracked 
|  23|0x0000000604000000, 0x0000000604000000, 0x0000000604200000|  0%| F|  |TAMS 0x0000000604000000, 0x0000000604000000| Untracked 
|  24|0x0000000604200000, 0x0000000604200000, 0x0000000604400000|  0%| F|  |TAMS 0x0000000604200000, 0x0000000604200000| Untracked 
|  25|0x0000000604400000, 0x0000000604400000, 0x0000000604600000|  0%| F|  |TAMS 0x0000000604400000, 0x0000000604400000| Untracked 
|  26|0x0000000604600000, 0x0000000604600000, 0x0000000604800000|  0%| F|  |TAMS 0x0000000604600000, 0x0000000604600000| Untracked 
|  27|0x0000000604800000, 0x0000000604800000, 0x0000000604a00000|  0%| F|  |TAMS 0x0000000604800000, 0x0000000604800000| Untracked 
|  28|0x0000000604a00000, 0x0000000604a00000, 0x0000000604c00000|  0%| F|  |TAMS 0x0000000604a00000, 0x0000000604a00000| Untracked 
|  29|0x0000000604c00000, 0x0000000604c00000, 0x0000000604e00000|  0%| F|  |TAMS 0x0000000604c00000, 0x0000000604c00000| Untracked 
|  30|0x0000000604e00000, 0x0000000604e00000, 0x0000000605000000|  0%| F|  |TAMS 0x0000000604e00000, 0x0000000604e00000| Untracked 
|  31|0x0000000605000000, 0x0000000605000000, 0x0000000605200000|  0%| F|  |TAMS 0x0000000605000000, 0x0000000605000000| Untracked 
|  32|0x0000000605200000, 0x0000000605200000, 0x0000000605400000|  0%| F|  |TAMS 0x0000000605200000, 0x0000000605200000| Untracked 
|  33|0x0000000605400000, 0x0000000605400000, 0x0000000605600000|  0%| F|  |TAMS 0x0000000605400000, 0x0000000605400000| Untracked 
|  34|0x0000000605600000, 0x0000000605600000, 0x0000000605800000|  0%| F|  |TAMS 0x0000000605600000, 0x0000000605600000| Untracked 
|  35|0x0000000605800000, 0x0000000605800000, 0x0000000605a00000|  0%| F|  |TAMS 0x0000000605800000, 0x0000000605800000| Untracked 
|  36|0x0000000605a00000, 0x0000000605a00000, 0x0000000605c00000|  0%| F|  |TAMS 0x0000000605a00000, 0x0000000605a00000| Untracked 
|  37|0x0000000605c00000, 0x0000000605c00000, 0x0000000605e00000|  0%| F|  |TAMS 0x0000000605c00000, 0x0000000605c00000| Untracked 
|  38|0x0000000605e00000, 0x0000000605e00000, 0x0000000606000000|  0%| F|  |TAMS 0x0000000605e00000, 0x0000000605e00000| Untracked 
|  39|0x0000000606000000, 0x0000000606000000, 0x0000000606200000|  0%| F|  |TAMS 0x0000000606000000, 0x0000000606000000| Untracked 
|  40|0x0000000606200000, 0x0000000606200000, 0x0000000606400000|  0%| F|  |TAMS 0x0000000606200000, 0x0000000606200000| Untracked 
|  41|0x0000000606400000, 0x0000000606400000, 0x0000000606600000|  0%| F|  |TAMS 0x0000000606400000, 0x0000000606400000| Untracked 
|  42|0x0000000606600000, 0x0000000606600000, 0x0000000606800000|  0%| F|  |TAMS 0x0000000606600000, 0x0000000606600000| Untracked 
|  43|0x0000000606800000, 0x0000000606800000, 0x0000000606a00000|  0%| F|  |TAMS 0x0000000606800000, 0x0000000606800000| Untracked 
|  44|0x0000000606a00000, 0x0000000606a00000, 0x0000000606c00000|  0%| F|  |TAMS 0x0000000606a00000, 0x0000000606a00000| Untracked 
|  45|0x0000000606c00000, 0x0000000606c00000, 0x0000000606e00000|  0%| F|  |TAMS 0x0000000606c00000, 0x0000000606c00000| Untracked 
|  46|0x0000000606e00000, 0x0000000606e00000, 0x0000000607000000|  0%| F|  |TAMS 0x0000000606e00000, 0x0000000606e00000| Untracked 
|  47|0x0000000607000000, 0x0000000607000000, 0x0000000607200000|  0%| F|  |TAMS 0x0000000607000000, 0x0000000607000000| Untracked 
|  48|0x0000000607200000, 0x0000000607200000, 0x0000000607400000|  0%| F|  |TAMS 0x0000000607200000, 0x0000000607200000| Untracked 
|  49|0x0000000607400000, 0x0000000607400000, 0x0000000607600000|  0%| F|  |TAMS 0x0000000607400000, 0x0000000607400000| Untracked 
|  50|0x0000000607600000, 0x0000000607600000, 0x0000000607800000|  0%| F|  |TAMS 0x0000000607600000, 0x0000000607600000| Untracked 
|  51|0x0000000607800000, 0x0000000607800000, 0x0000000607a00000|  0%| F|  |TAMS 0x0000000607800000, 0x0000000607800000| Untracked 
|  52|0x0000000607a00000, 0x0000000607a00000, 0x0000000607c00000|  0%| F|  |TAMS 0x0000000607a00000, 0x0000000607a00000| Untracked 
|  53|0x0000000607c00000, 0x0000000607c00000, 0x0000000607e00000|  0%| F|  |TAMS 0x0000000607c00000, 0x0000000607c00000| Untracked 
|  54|0x0000000607e00000, 0x0000000607e00000, 0x0000000608000000|  0%| F|  |TAMS 0x0000000607e00000, 0x0000000607e00000| Untracked 
|  55|0x0000000608000000, 0x0000000608000000, 0x0000000608200000|  0%| F|  |TAMS 0x0000000608000000, 0x0000000608000000| Untracked 
|  56|0x0000000608200000, 0x0000000608200000, 0x0000000608400000|  0%| F|  |TAMS 0x0000000608200000, 0x0000000608200000| Untracked 
|  57|0x0000000608400000, 0x0000000608400000, 0x0000000608600000|  0%| F|  |TAMS 0x0000000608400000, 0x0000000608400000| Untracked 
|  58|0x0000000608600000, 0x0000000608600000, 0x0000000608800000|  0%| F|  |TAMS 0x0000000608600000, 0x0000000608600000| Untracked 
|  59|0x0000000608800000, 0x0000000608800000, 0x0000000608a00000|  0%| F|  |TAMS 0x0000000608800000, 0x0000000608800000| Untracked 
|  60|0x0000000608a00000, 0x0000000608a00000, 0x0000000608c00000|  0%| F|  |TAMS 0x0000000608a00000, 0x0000000608a00000| Untracked 
|  61|0x0000000608c00000, 0x0000000608c00000, 0x0000000608e00000|  0%| F|  |TAMS 0x0000000608c00000, 0x0000000608c00000| Untracked 
|  62|0x0000000608e00000, 0x0000000608e00000, 0x0000000609000000|  0%| F|  |TAMS 0x0000000608e00000, 0x0000000608e00000| Untracked 
|  63|0x0000000609000000, 0x0000000609000000, 0x0000000609200000|  0%| F|  |TAMS 0x0000000609000000, 0x0000000609000000| Untracked 
|  64|0x0000000609200000, 0x0000000609200000, 0x0000000609400000|  0%| F|  |TAMS 0x0000000609200000, 0x0000000609200000| Untracked 
|  65|0x0000000609400000, 0x0000000609400000, 0x0000000609600000|  0%| F|  |TAMS 0x0000000609400000, 0x0000000609400000| Untracked 
|  66|0x0000000609600000, 0x0000000609600000, 0x0000000609800000|  0%| F|  |TAMS 0x0000000609600000, 0x0000000609600000| Untracked 
|  67|0x0000000609800000, 0x0000000609800000, 0x0000000609a00000|  0%| F|  |TAMS 0x0000000609800000, 0x0000000609800000| Untracked 
|  68|0x0000000609a00000, 0x0000000609a00000, 0x0000000609c00000|  0%| F|  |TAMS 0x0000000609a00000, 0x0000000609a00000| Untracked 
|  69|0x0000000609c00000, 0x0000000609c00000, 0x0000000609e00000|  0%| F|  |TAMS 0x0000000609c00000, 0x0000000609c00000| Untracked 
|  70|0x0000000609e00000, 0x0000000609e00000, 0x000000060a000000|  0%| F|  |TAMS 0x0000000609e00000, 0x0000000609e00000| Untracked 
|  71|0x000000060a000000, 0x000000060a000000, 0x000000060a200000|  0%| F|  |TAMS 0x000000060a000000, 0x000000060a000000| Untracked 
|  72|0x000000060a200000, 0x000000060a200000, 0x000000060a400000|  0%| F|  |TAMS 0x000000060a200000, 0x000000060a200000| Untracked 
|  73|0x000000060a400000, 0x000000060a400000, 0x000000060a600000|  0%| F|  |TAMS 0x000000060a400000, 0x000000060a400000| Untracked 
|  74|0x000000060a600000, 0x000000060a600000, 0x000000060a800000|  0%| F|  |TAMS 0x000000060a600000, 0x000000060a600000| Untracked 
|  75|0x000000060a800000, 0x000000060a800000, 0x000000060aa00000|  0%| F|  |TAMS 0x000000060a800000, 0x000000060a800000| Untracked 
|  76|0x000000060aa00000, 0x000000060aa00000, 0x000000060ac00000|  0%| F|  |TAMS 0x000000060aa00000, 0x000000060aa00000| Untracked 
|  77|0x000000060ac00000, 0x000000060ac00000, 0x000000060ae00000|  0%| F|  |TAMS 0x000000060ac00000, 0x000000060ac00000| Untracked 
|  78|0x000000060ae00000, 0x000000060ae00000, 0x000000060b000000|  0%| F|  |TAMS 0x000000060ae00000, 0x000000060ae00000| Untracked 
|  79|0x000000060b000000, 0x000000060b000000, 0x000000060b200000|  0%| F|  |TAMS 0x000000060b000000, 0x000000060b000000| Untracked 
|  80|0x000000060b200000, 0x000000060b200000, 0x000000060b400000|  0%| F|  |TAMS 0x000000060b200000, 0x000000060b200000| Untracked 
|  81|0x000000060b400000, 0x000000060b400000, 0x000000060b600000|  0%| F|  |TAMS 0x000000060b400000, 0x000000060b400000| Untracked 
|  82|0x000000060b600000, 0x000000060b600000, 0x000000060b800000|  0%| F|  |TAMS 0x000000060b600000, 0x000000060b600000| Untracked 
|  83|0x000000060b800000, 0x000000060b800000, 0x000000060ba00000|  0%| F|  |TAMS 0x000000060b800000, 0x000000060b800000| Untracked 
|  84|0x000000060ba00000, 0x000000060ba00000, 0x000000060bc00000|  0%| F|  |TAMS 0x000000060ba00000, 0x000000060ba00000| Untracked 
|  85|0x000000060bc00000, 0x000000060bc00000, 0x000000060be00000|  0%| F|  |TAMS 0x000000060bc00000, 0x000000060bc00000| Untracked 
|  86|0x000000060be00000, 0x000000060be00000, 0x000000060c000000|  0%| F|  |TAMS 0x000000060be00000, 0x000000060be00000| Untracked 
|  87|0x000000060c000000, 0x000000060c000000, 0x000000060c200000|  0%| F|  |TAMS 0x000000060c000000, 0x000000060c000000| Untracked 
|  88|0x000000060c200000, 0x000000060c200000, 0x000000060c400000|  0%| F|  |TAMS 0x000000060c200000, 0x000000060c200000| Untracked 
|  89|0x000000060c400000, 0x000000060c400000, 0x000000060c600000|  0%| F|  |TAMS 0x000000060c400000, 0x000000060c400000| Untracked 
|  90|0x000000060c600000, 0x000000060c600000, 0x000000060c800000|  0%| F|  |TAMS 0x000000060c600000, 0x000000060c600000| Untracked 
|  91|0x000000060c800000, 0x000000060c800000, 0x000000060ca00000|  0%| F|  |TAMS 0x000000060c800000, 0x000000060c800000| Untracked 
|  92|0x000000060ca00000, 0x000000060ca00000, 0x000000060cc00000|  0%| F|  |TAMS 0x000000060ca00000, 0x000000060ca00000| Untracked 
|  93|0x000000060cc00000, 0x000000060cc00000, 0x000000060ce00000|  0%| F|  |TAMS 0x000000060cc00000, 0x000000060cc00000| Untracked 
|  94|0x000000060ce00000, 0x000000060ce00000, 0x000000060d000000|  0%| F|  |TAMS 0x000000060ce00000, 0x000000060ce00000| Untracked 
|  95|0x000000060d000000, 0x000000060d000000, 0x000000060d200000|  0%| F|  |TAMS 0x000000060d000000, 0x000000060d000000| Untracked 
|  96|0x000000060d200000, 0x000000060d200000, 0x000000060d400000|  0%| F|  |TAMS 0x000000060d200000, 0x000000060d200000| Untracked 
|  97|0x000000060d400000, 0x000000060d400000, 0x000000060d600000|  0%| F|  |TAMS 0x000000060d400000, 0x000000060d400000| Untracked 
|  98|0x000000060d600000, 0x000000060d600000, 0x000000060d800000|  0%| F|  |TAMS 0x000000060d600000, 0x000000060d600000| Untracked 
|  99|0x000000060d800000, 0x000000060d800000, 0x000000060da00000|  0%| F|  |TAMS 0x000000060d800000, 0x000000060d800000| Untracked 
| 100|0x000000060da00000, 0x000000060da00000, 0x000000060dc00000|  0%| F|  |TAMS 0x000000060da00000, 0x000000060da00000| Untracked 
| 101|0x000000060dc00000, 0x000000060dc00000, 0x000000060de00000|  0%| F|  |TAMS 0x000000060dc00000, 0x000000060dc00000| Untracked 
| 102|0x000000060de00000, 0x000000060de00000, 0x000000060e000000|  0%| F|  |TAMS 0x000000060de00000, 0x000000060de00000| Untracked 
| 103|0x000000060e000000, 0x000000060e000000, 0x000000060e200000|  0%| F|  |TAMS 0x000000060e000000, 0x000000060e000000| Untracked 
| 104|0x000000060e200000, 0x000000060e200000, 0x000000060e400000|  0%| F|  |TAMS 0x000000060e200000, 0x000000060e200000| Untracked 
| 105|0x000000060e400000, 0x000000060e400000, 0x000000060e600000|  0%| F|  |TAMS 0x000000060e400000, 0x000000060e400000| Untracked 
| 106|0x000000060e600000, 0x000000060e600000, 0x000000060e800000|  0%| F|  |TAMS 0x000000060e600000, 0x000000060e600000| Untracked 
| 107|0x000000060e800000, 0x000000060e800000, 0x000000060ea00000|  0%| F|  |TAMS 0x000000060e800000, 0x000000060e800000| Untracked 
| 108|0x000000060ea00000, 0x000000060ea00000, 0x000000060ec00000|  0%| F|  |TAMS 0x000000060ea00000, 0x000000060ea00000| Untracked 
| 109|0x000000060ec00000, 0x000000060ec00000, 0x000000060ee00000|  0%| F|  |TAMS 0x000000060ec00000, 0x000000060ec00000| Untracked 
| 110|0x000000060ee00000, 0x000000060ee00000, 0x000000060f000000|  0%| F|  |TAMS 0x000000060ee00000, 0x000000060ee00000| Untracked 
| 111|0x000000060f000000, 0x000000060f000000, 0x000000060f200000|  0%| F|  |TAMS 0x000000060f000000, 0x000000060f000000| Untracked 
| 112|0x000000060f200000, 0x000000060f200000, 0x000000060f400000|  0%| F|  |TAMS 0x000000060f200000, 0x000000060f200000| Untracked 
| 113|0x000000060f400000, 0x000000060f400000, 0x000000060f600000|  0%| F|  |TAMS 0x000000060f400000, 0x000000060f400000| Untracked 
| 114|0x000000060f600000, 0x000000060f600000, 0x000000060f800000|  0%| F|  |TAMS 0x000000060f600000, 0x000000060f600000| Untracked 
| 115|0x000000060f800000, 0x000000060f800000, 0x000000060fa00000|  0%| F|  |TAMS 0x000000060f800000, 0x000000060f800000| Untracked 
| 116|0x000000060fa00000, 0x000000060fa00000, 0x000000060fc00000|  0%| F|  |TAMS 0x000000060fa00000, 0x000000060fa00000| Untracked 
| 117|0x000000060fc00000, 0x000000060fc00000, 0x000000060fe00000|  0%| F|  |TAMS 0x000000060fc00000, 0x000000060fc00000| Untracked 
| 118|0x000000060fe00000, 0x000000060fe00000, 0x0000000610000000|  0%| F|  |TAMS 0x000000060fe00000, 0x000000060fe00000| Untracked 
| 119|0x0000000610000000, 0x0000000610000000, 0x0000000610200000|  0%| F|  |TAMS 0x0000000610000000, 0x0000000610000000| Untracked 
| 120|0x0000000610200000, 0x0000000610200000, 0x0000000610400000|  0%| F|  |TAMS 0x0000000610200000, 0x0000000610200000| Untracked 
| 121|0x0000000610400000, 0x0000000610400000, 0x0000000610600000|  0%| F|  |TAMS 0x0000000610400000, 0x0000000610400000| Untracked 
| 122|0x0000000610600000, 0x0000000610600000, 0x0000000610800000|  0%| F|  |TAMS 0x0000000610600000, 0x0000000610600000| Untracked 
| 123|0x0000000610800000, 0x0000000610800000, 0x0000000610a00000|  0%| F|  |TAMS 0x0000000610800000, 0x0000000610800000| Untracked 
| 124|0x0000000610a00000, 0x0000000610a00000, 0x0000000610c00000|  0%| F|  |TAMS 0x0000000610a00000, 0x0000000610a00000| Untracked 
| 125|0x0000000610c00000, 0x0000000610c00000, 0x0000000610e00000|  0%| F|  |TAMS 0x0000000610c00000, 0x0000000610c00000| Untracked 
| 126|0x0000000610e00000, 0x0000000610e00000, 0x0000000611000000|  0%| F|  |TAMS 0x0000000610e00000, 0x0000000610e00000| Untracked 
| 127|0x0000000611000000, 0x0000000611000000, 0x0000000611200000|  0%| F|  |TAMS 0x0000000611000000, 0x0000000611000000| Untracked 
| 128|0x0000000611200000, 0x0000000611200000, 0x0000000611400000|  0%| F|  |TAMS 0x0000000611200000, 0x0000000611200000| Untracked 
| 129|0x0000000611400000, 0x0000000611400000, 0x0000000611600000|  0%| F|  |TAMS 0x0000000611400000, 0x0000000611400000| Untracked 
| 130|0x0000000611600000, 0x0000000611600000, 0x0000000611800000|  0%| F|  |TAMS 0x0000000611600000, 0x0000000611600000| Untracked 
| 131|0x0000000611800000, 0x0000000611800000, 0x0000000611a00000|  0%| F|  |TAMS 0x0000000611800000, 0x0000000611800000| Untracked 
| 132|0x0000000611a00000, 0x0000000611a00000, 0x0000000611c00000|  0%| F|  |TAMS 0x0000000611a00000, 0x0000000611a00000| Untracked 
| 133|0x0000000611c00000, 0x0000000611c00000, 0x0000000611e00000|  0%| F|  |TAMS 0x0000000611c00000, 0x0000000611c00000| Untracked 
| 134|0x0000000611e00000, 0x0000000611e00000, 0x0000000612000000|  0%| F|  |TAMS 0x0000000611e00000, 0x0000000611e00000| Untracked 
| 135|0x0000000612000000, 0x0000000612000000, 0x0000000612200000|  0%| F|  |TAMS 0x0000000612000000, 0x0000000612000000| Untracked 
| 136|0x0000000612200000, 0x0000000612200000, 0x0000000612400000|  0%| F|  |TAMS 0x0000000612200000, 0x0000000612200000| Untracked 
| 137|0x0000000612400000, 0x0000000612400000, 0x0000000612600000|  0%| F|  |TAMS 0x0000000612400000, 0x0000000612400000| Untracked 
| 138|0x0000000612600000, 0x0000000612600000, 0x0000000612800000|  0%| F|  |TAMS 0x0000000612600000, 0x0000000612600000| Untracked 
| 139|0x0000000612800000, 0x0000000612800000, 0x0000000612a00000|  0%| F|  |TAMS 0x0000000612800000, 0x0000000612800000| Untracked 
| 140|0x0000000612a00000, 0x0000000612a00000, 0x0000000612c00000|  0%| F|  |TAMS 0x0000000612a00000, 0x0000000612a00000| Untracked 
| 141|0x0000000612c00000, 0x0000000612c00000, 0x0000000612e00000|  0%| F|  |TAMS 0x0000000612c00000, 0x0000000612c00000| Untracked 
| 142|0x0000000612e00000, 0x0000000612e00000, 0x0000000613000000|  0%| F|  |TAMS 0x0000000612e00000, 0x0000000612e00000| Untracked 
| 143|0x0000000613000000, 0x0000000613000000, 0x0000000613200000|  0%| F|  |TAMS 0x0000000613000000, 0x0000000613000000| Untracked 
| 144|0x0000000613200000, 0x0000000613200000, 0x0000000613400000|  0%| F|  |TAMS 0x0000000613200000, 0x0000000613200000| Untracked 
| 145|0x0000000613400000, 0x0000000613400000, 0x0000000613600000|  0%| F|  |TAMS 0x0000000613400000, 0x0000000613400000| Untracked 
| 146|0x0000000613600000, 0x0000000613600000, 0x0000000613800000|  0%| F|  |TAMS 0x0000000613600000, 0x0000000613600000| Untracked 
| 147|0x0000000613800000, 0x0000000613800000, 0x0000000613a00000|  0%| F|  |TAMS 0x0000000613800000, 0x0000000613800000| Untracked 
| 148|0x0000000613a00000, 0x0000000613a00000, 0x0000000613c00000|  0%| F|  |TAMS 0x0000000613a00000, 0x0000000613a00000| Untracked 
| 149|0x0000000613c00000, 0x0000000613c00000, 0x0000000613e00000|  0%| F|  |TAMS 0x0000000613c00000, 0x0000000613c00000| Untracked 
| 150|0x0000000613e00000, 0x0000000613e00000, 0x0000000614000000|  0%| F|  |TAMS 0x0000000613e00000, 0x0000000613e00000| Untracked 
| 151|0x0000000614000000, 0x0000000614000000, 0x0000000614200000|  0%| F|  |TAMS 0x0000000614000000, 0x0000000614000000| Untracked 
| 152|0x0000000614200000, 0x0000000614200000, 0x0000000614400000|  0%| F|  |TAMS 0x0000000614200000, 0x0000000614200000| Untracked 
| 153|0x0000000614400000, 0x0000000614400000, 0x0000000614600000|  0%| F|  |TAMS 0x0000000614400000, 0x0000000614400000| Untracked 
| 154|0x0000000614600000, 0x0000000614600000, 0x0000000614800000|  0%| F|  |TAMS 0x0000000614600000, 0x0000000614600000| Untracked 
| 155|0x0000000614800000, 0x0000000614800000, 0x0000000614a00000|  0%| F|  |TAMS 0x0000000614800000, 0x0000000614800000| Untracked 
| 156|0x0000000614a00000, 0x0000000614a00000, 0x0000000614c00000|  0%| F|  |TAMS 0x0000000614a00000, 0x0000000614a00000| Untracked 
| 157|0x0000000614c00000, 0x0000000614c00000, 0x0000000614e00000|  0%| F|  |TAMS 0x0000000614c00000, 0x0000000614c00000| Untracked 
| 158|0x0000000614e00000, 0x0000000614e00000, 0x0000000615000000|  0%| F|  |TAMS 0x0000000614e00000, 0x0000000614e00000| Untracked 
| 159|0x0000000615000000, 0x0000000615000000, 0x0000000615200000|  0%| F|  |TAMS 0x0000000615000000, 0x0000000615000000| Untracked 
| 160|0x0000000615200000, 0x0000000615200000, 0x0000000615400000|  0%| F|  |TAMS 0x0000000615200000, 0x0000000615200000| Untracked 
| 161|0x0000000615400000, 0x0000000615400000, 0x0000000615600000|  0%| F|  |TAMS 0x0000000615400000, 0x0000000615400000| Untracked 
| 162|0x0000000615600000, 0x0000000615600000, 0x0000000615800000|  0%| F|  |TAMS 0x0000000615600000, 0x0000000615600000| Untracked 
| 163|0x0000000615800000, 0x0000000615800000, 0x0000000615a00000|  0%| F|  |TAMS 0x0000000615800000, 0x0000000615800000| Untracked 
| 164|0x0000000615a00000, 0x0000000615a00000, 0x0000000615c00000|  0%| F|  |TAMS 0x0000000615a00000, 0x0000000615a00000| Untracked 
| 165|0x0000000615c00000, 0x0000000615c00000, 0x0000000615e00000|  0%| F|  |TAMS 0x0000000615c00000, 0x0000000615c00000| Untracked 
| 166|0x0000000615e00000, 0x0000000615e00000, 0x0000000616000000|  0%| F|  |TAMS 0x0000000615e00000, 0x0000000615e00000| Untracked 
| 167|0x0000000616000000, 0x0000000616000000, 0x0000000616200000|  0%| F|  |TAMS 0x0000000616000000, 0x0000000616000000| Untracked 
| 168|0x0000000616200000, 0x0000000616200000, 0x0000000616400000|  0%| F|  |TAMS 0x0000000616200000, 0x0000000616200000| Untracked 
| 169|0x0000000616400000, 0x0000000616400000, 0x0000000616600000|  0%| F|  |TAMS 0x0000000616400000, 0x0000000616400000| Untracked 
| 170|0x0000000616600000, 0x0000000616600000, 0x0000000616800000|  0%| F|  |TAMS 0x0000000616600000, 0x0000000616600000| Untracked 
| 171|0x0000000616800000, 0x0000000616800000, 0x0000000616a00000|  0%| F|  |TAMS 0x0000000616800000, 0x0000000616800000| Untracked 
| 172|0x0000000616a00000, 0x0000000616a00000, 0x0000000616c00000|  0%| F|  |TAMS 0x0000000616a00000, 0x0000000616a00000| Untracked 
| 173|0x0000000616c00000, 0x0000000616c00000, 0x0000000616e00000|  0%| F|  |TAMS 0x0000000616c00000, 0x0000000616c00000| Untracked 
| 174|0x0000000616e00000, 0x0000000616e00000, 0x0000000617000000|  0%| F|  |TAMS 0x0000000616e00000, 0x0000000616e00000| Untracked 
| 175|0x0000000617000000, 0x0000000617000000, 0x0000000617200000|  0%| F|  |TAMS 0x0000000617000000, 0x0000000617000000| Untracked 
| 176|0x0000000617200000, 0x0000000617200000, 0x0000000617400000|  0%| F|  |TAMS 0x0000000617200000, 0x0000000617200000| Untracked 
| 177|0x0000000617400000, 0x0000000617400000, 0x0000000617600000|  0%| F|  |TAMS 0x0000000617400000, 0x0000000617400000| Untracked 
| 178|0x0000000617600000, 0x0000000617600000, 0x0000000617800000|  0%| F|  |TAMS 0x0000000617600000, 0x0000000617600000| Untracked 
| 179|0x0000000617800000, 0x0000000617800000, 0x0000000617a00000|  0%| F|  |TAMS 0x0000000617800000, 0x0000000617800000| Untracked 
| 180|0x0000000617a00000, 0x0000000617a00000, 0x0000000617c00000|  0%| F|  |TAMS 0x0000000617a00000, 0x0000000617a00000| Untracked 
| 181|0x0000000617c00000, 0x0000000617c00000, 0x0000000617e00000|  0%| F|  |TAMS 0x0000000617c00000, 0x0000000617c00000| Untracked 
| 182|0x0000000617e00000, 0x0000000617e00000, 0x0000000618000000|  0%| F|  |TAMS 0x0000000617e00000, 0x0000000617e00000| Untracked 
| 183|0x0000000618000000, 0x0000000618000000, 0x0000000618200000|  0%| F|  |TAMS 0x0000000618000000, 0x0000000618000000| Untracked 
| 184|0x0000000618200000, 0x0000000618200000, 0x0000000618400000|  0%| F|  |TAMS 0x0000000618200000, 0x0000000618200000| Untracked 
| 185|0x0000000618400000, 0x0000000618400000, 0x0000000618600000|  0%| F|  |TAMS 0x0000000618400000, 0x0000000618400000| Untracked 
| 186|0x0000000618600000, 0x0000000618600000, 0x0000000618800000|  0%| F|  |TAMS 0x0000000618600000, 0x0000000618600000| Untracked 
| 187|0x0000000618800000, 0x0000000618800000, 0x0000000618a00000|  0%| F|  |TAMS 0x0000000618800000, 0x0000000618800000| Untracked 
| 188|0x0000000618a00000, 0x0000000618a00000, 0x0000000618c00000|  0%| F|  |TAMS 0x0000000618a00000, 0x0000000618a00000| Untracked 
| 189|0x0000000618c00000, 0x0000000618c00000, 0x0000000618e00000|  0%| F|  |TAMS 0x0000000618c00000, 0x0000000618c00000| Untracked 
| 190|0x0000000618e00000, 0x0000000618e00000, 0x0000000619000000|  0%| F|  |TAMS 0x0000000618e00000, 0x0000000618e00000| Untracked 
| 191|0x0000000619000000, 0x0000000619000000, 0x0000000619200000|  0%| F|  |TAMS 0x0000000619000000, 0x0000000619000000| Untracked 
| 192|0x0000000619200000, 0x0000000619200000, 0x0000000619400000|  0%| F|  |TAMS 0x0000000619200000, 0x0000000619200000| Untracked 
| 193|0x0000000619400000, 0x0000000619400000, 0x0000000619600000|  0%| F|  |TAMS 0x0000000619400000, 0x0000000619400000| Untracked 
| 194|0x0000000619600000, 0x0000000619600000, 0x0000000619800000|  0%| F|  |TAMS 0x0000000619600000, 0x0000000619600000| Untracked 
| 195|0x0000000619800000, 0x0000000619800000, 0x0000000619a00000|  0%| F|  |TAMS 0x0000000619800000, 0x0000000619800000| Untracked 
| 196|0x0000000619a00000, 0x0000000619a00000, 0x0000000619c00000|  0%| F|  |TAMS 0x0000000619a00000, 0x0000000619a00000| Untracked 
| 197|0x0000000619c00000, 0x0000000619c00000, 0x0000000619e00000|  0%| F|  |TAMS 0x0000000619c00000, 0x0000000619c00000| Untracked 
| 198|0x0000000619e00000, 0x0000000619e00000, 0x000000061a000000|  0%| F|  |TAMS 0x0000000619e00000, 0x0000000619e00000| Untracked 
| 199|0x000000061a000000, 0x000000061a000000, 0x000000061a200000|  0%| F|  |TAMS 0x000000061a000000, 0x000000061a000000| Untracked 
| 200|0x000000061a200000, 0x000000061a200000, 0x000000061a400000|  0%| F|  |TAMS 0x000000061a200000, 0x000000061a200000| Untracked 
| 201|0x000000061a400000, 0x000000061a400000, 0x000000061a600000|  0%| F|  |TAMS 0x000000061a400000, 0x000000061a400000| Untracked 
| 202|0x000000061a600000, 0x000000061a600000, 0x000000061a800000|  0%| F|  |TAMS 0x000000061a600000, 0x000000061a600000| Untracked 
| 203|0x000000061a800000, 0x000000061a800000, 0x000000061aa00000|  0%| F|  |TAMS 0x000000061a800000, 0x000000061a800000| Untracked 
| 204|0x000000061aa00000, 0x000000061aa00000, 0x000000061ac00000|  0%| F|  |TAMS 0x000000061aa00000, 0x000000061aa00000| Untracked 
| 205|0x000000061ac00000, 0x000000061ac00000, 0x000000061ae00000|  0%| F|  |TAMS 0x000000061ac00000, 0x000000061ac00000| Untracked 
| 206|0x000000061ae00000, 0x000000061ae00000, 0x000000061b000000|  0%| F|  |TAMS 0x000000061ae00000, 0x000000061ae00000| Untracked 
| 207|0x000000061b000000, 0x000000061b000000, 0x000000061b200000|  0%| F|  |TAMS 0x000000061b000000, 0x000000061b000000| Untracked 
| 208|0x000000061b200000, 0x000000061b200000, 0x000000061b400000|  0%| F|  |TAMS 0x000000061b200000, 0x000000061b200000| Untracked 
| 209|0x000000061b400000, 0x000000061b400000, 0x000000061b600000|  0%| F|  |TAMS 0x000000061b400000, 0x000000061b400000| Untracked 
| 210|0x000000061b600000, 0x000000061b600000, 0x000000061b800000|  0%| F|  |TAMS 0x000000061b600000, 0x000000061b600000| Untracked 
| 211|0x000000061b800000, 0x000000061b800000, 0x000000061ba00000|  0%| F|  |TAMS 0x000000061b800000, 0x000000061b800000| Untracked 
| 212|0x000000061ba00000, 0x000000061ba00000, 0x000000061bc00000|  0%| F|  |TAMS 0x000000061ba00000, 0x000000061ba00000| Untracked 
| 213|0x000000061bc00000, 0x000000061bc00000, 0x000000061be00000|  0%| F|  |TAMS 0x000000061bc00000, 0x000000061bc00000| Untracked 
| 214|0x000000061be00000, 0x000000061be00000, 0x000000061c000000|  0%| F|  |TAMS 0x000000061be00000, 0x000000061be00000| Untracked 
| 215|0x000000061c000000, 0x000000061c000000, 0x000000061c200000|  0%| F|  |TAMS 0x000000061c000000, 0x000000061c000000| Untracked 
| 216|0x000000061c200000, 0x000000061c200000, 0x000000061c400000|  0%| F|  |TAMS 0x000000061c200000, 0x000000061c200000| Untracked 
| 217|0x000000061c400000, 0x000000061c400000, 0x000000061c600000|  0%| F|  |TAMS 0x000000061c400000, 0x000000061c400000| Untracked 
| 218|0x000000061c600000, 0x000000061c600000, 0x000000061c800000|  0%| F|  |TAMS 0x000000061c600000, 0x000000061c600000| Untracked 
| 219|0x000000061c800000, 0x000000061c800000, 0x000000061ca00000|  0%| F|  |TAMS 0x000000061c800000, 0x000000061c800000| Untracked 
| 220|0x000000061ca00000, 0x000000061ca00000, 0x000000061cc00000|  0%| F|  |TAMS 0x000000061ca00000, 0x000000061ca00000| Untracked 
| 221|0x000000061cc00000, 0x000000061cc00000, 0x000000061ce00000|  0%| F|  |TAMS 0x000000061cc00000, 0x000000061cc00000| Untracked 
| 222|0x000000061ce00000, 0x000000061ce00000, 0x000000061d000000|  0%| F|  |TAMS 0x000000061ce00000, 0x000000061ce00000| Untracked 
| 223|0x000000061d000000, 0x000000061d000000, 0x000000061d200000|  0%| F|  |TAMS 0x000000061d000000, 0x000000061d000000| Untracked 
| 224|0x000000061d200000, 0x000000061d200000, 0x000000061d400000|  0%| F|  |TAMS 0x000000061d200000, 0x000000061d200000| Untracked 
| 225|0x000000061d400000, 0x000000061d400000, 0x000000061d600000|  0%| F|  |TAMS 0x000000061d400000, 0x000000061d400000| Untracked 
| 226|0x000000061d600000, 0x000000061d600000, 0x000000061d800000|  0%| F|  |TAMS 0x000000061d600000, 0x000000061d600000| Untracked 
| 227|0x000000061d800000, 0x000000061d800000, 0x000000061da00000|  0%| F|  |TAMS 0x000000061d800000, 0x000000061d800000| Untracked 
| 228|0x000000061da00000, 0x000000061da00000, 0x000000061dc00000|  0%| F|  |TAMS 0x000000061da00000, 0x000000061da00000| Untracked 
| 229|0x000000061dc00000, 0x000000061dc00000, 0x000000061de00000|  0%| F|  |TAMS 0x000000061dc00000, 0x000000061dc00000| Untracked 
| 230|0x000000061de00000, 0x000000061de00000, 0x000000061e000000|  0%| F|  |TAMS 0x000000061de00000, 0x000000061de00000| Untracked 
| 231|0x000000061e000000, 0x000000061e000000, 0x000000061e200000|  0%| F|  |TAMS 0x000000061e000000, 0x000000061e000000| Untracked 
| 232|0x000000061e200000, 0x000000061e200000, 0x000000061e400000|  0%| F|  |TAMS 0x000000061e200000, 0x000000061e200000| Untracked 
| 233|0x000000061e400000, 0x000000061e400000, 0x000000061e600000|  0%| F|  |TAMS 0x000000061e400000, 0x000000061e400000| Untracked 
| 234|0x000000061e600000, 0x000000061e600000, 0x000000061e800000|  0%| F|  |TAMS 0x000000061e600000, 0x000000061e600000| Untracked 
| 235|0x000000061e800000, 0x000000061e800000, 0x000000061ea00000|  0%| F|  |TAMS 0x000000061e800000, 0x000000061e800000| Untracked 
| 236|0x000000061ea00000, 0x000000061ea00000, 0x000000061ec00000|  0%| F|  |TAMS 0x000000061ea00000, 0x000000061ea00000| Untracked 
| 237|0x000000061ec00000, 0x000000061ec00000, 0x000000061ee00000|  0%| F|  |TAMS 0x000000061ec00000, 0x000000061ec00000| Untracked 
| 238|0x000000061ee00000, 0x000000061ee00000, 0x000000061f000000|  0%| F|  |TAMS 0x000000061ee00000, 0x000000061ee00000| Untracked 
| 239|0x000000061f000000, 0x000000061f000000, 0x000000061f200000|  0%| F|  |TAMS 0x000000061f000000, 0x000000061f000000| Untracked 
| 240|0x000000061f200000, 0x000000061f200000, 0x000000061f400000|  0%| F|  |TAMS 0x000000061f200000, 0x000000061f200000| Untracked 
| 241|0x000000061f400000, 0x000000061f400000, 0x000000061f600000|  0%| F|  |TAMS 0x000000061f400000, 0x000000061f400000| Untracked 
| 242|0x000000061f600000, 0x000000061f6cb090, 0x000000061f800000| 39%| S|CS|TAMS 0x000000061f600000, 0x000000061f600000| Complete 
| 243|0x000000061f800000, 0x000000061fa00000, 0x000000061fa00000|100%| S|CS|TAMS 0x000000061f800000, 0x000000061f800000| Complete 
| 244|0x000000061fa00000, 0x000000061fa00000, 0x000000061fc00000|  0%| F|  |TAMS 0x000000061fa00000, 0x000000061fa00000| Untracked 
| 245|0x000000061fc00000, 0x000000061fc00000, 0x000000061fe00000|  0%| F|  |TAMS 0x000000061fc00000, 0x000000061fc00000| Untracked 
| 246|0x000000061fe00000, 0x000000061fe00000, 0x0000000620000000|  0%| F|  |TAMS 0x000000061fe00000, 0x000000061fe00000| Untracked 
| 247|0x0000000620000000, 0x0000000620000000, 0x0000000620200000|  0%| F|  |TAMS 0x0000000620000000, 0x0000000620000000| Untracked 
| 248|0x0000000620200000, 0x0000000620200000, 0x0000000620400000|  0%| F|  |TAMS 0x0000000620200000, 0x0000000620200000| Untracked 
| 249|0x0000000620400000, 0x0000000620400000, 0x0000000620600000|  0%| F|  |TAMS 0x0000000620400000, 0x0000000620400000| Untracked 
| 250|0x0000000620600000, 0x0000000620600000, 0x0000000620800000|  0%| F|  |TAMS 0x0000000620600000, 0x0000000620600000| Untracked 
| 251|0x0000000620800000, 0x0000000620800000, 0x0000000620a00000|  0%| F|  |TAMS 0x0000000620800000, 0x0000000620800000| Untracked 
| 252|0x0000000620a00000, 0x0000000620a00000, 0x0000000620c00000|  0%| F|  |TAMS 0x0000000620a00000, 0x0000000620a00000| Untracked 
| 253|0x0000000620c00000, 0x0000000620c00000, 0x0000000620e00000|  0%| F|  |TAMS 0x0000000620c00000, 0x0000000620c00000| Untracked 
| 254|0x0000000620e00000, 0x0000000620f00800, 0x0000000621000000| 50%| E|  |TAMS 0x0000000620e00000, 0x0000000620e00000| Complete 
| 255|0x0000000621000000, 0x0000000621200000, 0x0000000621200000|100%| E|CS|TAMS 0x0000000621000000, 0x0000000621000000| Complete 

Card table byte_map: [0x000002213df90000,0x000002213ef90000] _byte_map_base: 0x000002213af87000

Marking Bits (Prev, Next): (CMBitMap*) 0x000002212563e508, (CMBitMap*) 0x000002212563e540
 Prev Bits: [0x000002213ff90000, 0x0000022147f48000)
 Next Bits: [0x0000022147f50000, 0x000002214ff08000)

Polling page: 0x0000022124da0000

Metaspace:

Usage:
  Non-class:     14.56 MB capacity,    14.42 MB (>99%) used,   124.55 KB ( <1%) free+waste,    17.00 KB ( <1%) overhead. 
      Class:      1.14 MB capacity,     1.06 MB ( 93%) used,    72.50 KB (  6%) free+waste,     5.63 KB ( <1%) overhead. 
       Both:     15.69 MB capacity,    15.48 MB ( 99%) used,   197.05 KB (  1%) free+waste,    22.63 KB ( <1%) overhead. 

Virtual space:
  Non-class space:       16.00 MB reserved,      14.75 MB ( 92%) committed 
      Class space:        1.00 GB reserved,       1.25 MB ( <1%) committed 
             Both:        1.02 GB reserved,      16.00 MB (  2%) committed 

Chunk freelists:
   Non-Class:  8.75 KB
       Class:  2.50 KB
        Both:  11.25 KB

CodeHeap 'non-profiled nmethods': size=120000Kb used=234Kb max_used=234Kb free=119765Kb
 bounds [0x0000022135510000, 0x0000022135780000, 0x000002213ca40000]
CodeHeap 'profiled nmethods': size=120000Kb used=1548Kb max_used=1548Kb free=118451Kb
 bounds [0x000002212dfe0000, 0x000002212e250000, 0x0000022135510000]
CodeHeap 'non-nmethods': size=5760Kb used=1512Kb max_used=1522Kb free=4247Kb
 bounds [0x000002212da40000, 0x000002212dcb0000, 0x000002212dfe0000]
 total_blobs=1868 nmethods=833 adapters=947
 compilation: enabled
              stopped_count=0, restarted_count=0
 full_count=0

Compilation events (10 events):
Event: 0.762 Thread 0x000002215365f800  829       3       jdk.internal.loader.BuiltinClassLoader::getAndVerifyPackage (109 bytes)
Event: 0.763 Thread 0x000002215365f800 nmethod 829 0x000002212e15ca90 code [0x000002212e15ce80, 0x000002212e15e9b0]
Event: 0.763 Thread 0x000002215365f800  830       3       java.lang.ClassLoader::getDefinedPackage (35 bytes)
Event: 0.763 Thread 0x000002215365f800 nmethod 830 0x000002212e15f290 code [0x000002212e15f480, 0x000002212e15fa70]
Event: 0.769 Thread 0x000002215365f800  831       3       java.lang.ClassLoader::defineClass (43 bytes)
Event: 0.769 Thread 0x000002215365f800 nmethod 831 0x000002212e15fc10 code [0x000002212e15fe20, 0x000002212e160380]
Event: 0.769 Thread 0x000002215365f800  832   !   3       jdk.internal.loader.Resource::getBytes (242 bytes)
Event: 0.769 Thread 0x000002215365f800 nmethod 832 0x000002212e160610 code [0x000002212e160940, 0x000002212e1623d0]
Event: 0.777 Thread 0x000002215365f800  833       3       org.lwjgl.system.MemoryStack::close (6 bytes)
Event: 0.777 Thread 0x000002215365f800 nmethod 833 0x000002212e162d90 code [0x000002212e162f40, 0x000002212e163170]

GC Heap History (2 events):
Event: 0.745 GC heap before
{Heap before GC invocations=0 (full 0):
 garbage-first heap   total 524288K, used 22528K [0x0000000601200000, 0x0000000800000000)
  region size 2048K, 12 young (24576K), 0 survivors (0K)
 Metaspace       used 14784K, capacity 15011K, committed 15232K, reserved 1062912K
  class space    used 1012K, capacity 1067K, committed 1152K, reserved 1048576K
}
Event: 0.746 GC heap after
{Heap after GC invocations=1 (full 0):
 garbage-first heap   total 524288K, used 2860K [0x0000000601200000, 0x0000000800000000)
  region size 2048K, 2 young (4096K), 2 survivors (4096K)
 Metaspace       used 14784K, capacity 15011K, committed 15232K, reserved 1062912K
  class space    used 1012K, capacity 1067K, committed 1152K, reserved 1048576K
}

Deoptimization events (9 events):
Event: 0.080 Thread 0x00000221255bc800 Uncommon trap: reason=class_check action=maybe_recompile pc=0x000002213551cf48 method=java.util.HashMap.putVal(ILjava/lang/Object;Ljava/lang/Object;ZZ)Ljava/lang/Object; @ 152 c2
Event: 0.085 Thread 0x00000221255bc800 Uncommon trap: reason=class_check action=maybe_recompile pc=0x000002213551cf48 method=java.util.HashMap.putVal(ILjava/lang/Object;Ljava/lang/Object;ZZ)Ljava/lang/Object; @ 152 c2
Event: 0.086 Thread 0x00000221255bc800 Uncommon trap: reason=class_check action=maybe_recompile pc=0x000002213551cf48 method=java.util.HashMap.putVal(ILjava/lang/Object;Ljava/lang/Object;ZZ)Ljava/lang/Object; @ 152 c2
Event: 0.087 Thread 0x00000221255bc800 Uncommon trap: reason=class_check action=maybe_recompile pc=0x000002213551cf48 method=java.util.HashMap.putVal(ILjava/lang/Object;Ljava/lang/Object;ZZ)Ljava/lang/Object; @ 152 c2
Event: 0.100 Thread 0x00000221255bc800 Uncommon trap: reason=unstable_if action=reinterpret pc=0x0000022135511114 method=java.lang.String.isLatin1()Z @ 10 c2
Event: 0.119 Thread 0x00000221255bc800 Uncommon trap: reason=bimorphic_or_optimized_type_check action=maybe_recompile pc=0x0000022135518b94 method=java.util.AbstractCollection.isEmpty()Z @ 1 c2
Event: 0.119 Thread 0x00000221255bc800 Uncommon trap: reason=bimorphic_or_optimized_type_check action=maybe_recompile pc=0x0000022135518b94 method=java.util.AbstractCollection.isEmpty()Z @ 1 c2
Event: 0.120 Thread 0x00000221255bc800 Uncommon trap: reason=bimorphic_or_optimized_type_check action=maybe_recompile pc=0x0000022135518b94 method=java.util.AbstractCollection.isEmpty()Z @ 1 c2
Event: 0.130 Thread 0x00000221255bc800 Uncommon trap: reason=unstable_if action=reinterpret pc=0x0000022135523c00 method=java.io.WinNTFileSystem.isSlash(C)Z @ 9 c2

Classes redefined (0 events):
No events

Internal exceptions (10 events):
Event: 0.154 Thread 0x00000221255bc800 Exception <a 'java/security/PrivilegedActionException'{0x0000000620a7a7e0}> (0x0000000620a7a7e0) thrown at [./open/src/hotspot/share/prims/jvm.cpp, line 1296]
Event: 0.154 Thread 0x00000221255bc800 Exception <a 'java/security/PrivilegedActionException'{0x0000000620a7aab0}> (0x0000000620a7aab0) thrown at [./open/src/hotspot/share/prims/jvm.cpp, line 1296]
Event: 0.162 Thread 0x00000221255bc800 Exception <a 'sun/nio/fs/WindowsException'{0x0000000620b42bb0}> (0x0000000620b42bb0) thrown at [./open/src/hotspot/share/prims/jni.cpp, line 611]
Event: 0.162 Thread 0x00000221255bc800 Exception <a 'sun/nio/fs/WindowsException'{0x0000000620b42f10}> (0x0000000620b42f10) thrown at [./open/src/hotspot/share/prims/jni.cpp, line 611]
Event: 0.554 Thread 0x00000221255bc800 Exception <a 'sun/nio/fs/WindowsException'{0x0000000620be09f8}> (0x0000000620be09f8) thrown at [./open/src/hotspot/share/prims/jni.cpp, line 611]
Event: 0.554 Thread 0x00000221255bc800 Exception <a 'sun/nio/fs/WindowsException'{0x0000000620be0d98}> (0x0000000620be0d98) thrown at [./open/src/hotspot/share/prims/jni.cpp, line 611]
Event: 0.556 Thread 0x00000221255bc800 Exception <a 'sun/nio/fs/WindowsException'{0x0000000620bf73d8}> (0x0000000620bf73d8) thrown at [./open/src/hotspot/share/prims/jni.cpp, line 611]
Event: 0.556 Thread 0x00000221255bc800 Exception <a 'sun/nio/fs/WindowsException'{0x0000000620bf76a8}> (0x0000000620bf76a8) thrown at [./open/src/hotspot/share/prims/jni.cpp, line 611]
Event: 0.675 Thread 0x00000221255bc800 Exception <a 'sun/nio/fs/WindowsException'{0x00000006201b1a98}> (0x00000006201b1a98) thrown at [./open/src/hotspot/share/prims/jni.cpp, line 611]
Event: 0.675 Thread 0x00000221255bc800 Exception <a 'sun/nio/fs/WindowsException'{0x00000006201b1e18}> (0x00000006201b1e18) thrown at [./open/src/hotspot/share/prims/jni.cpp, line 611]

Events (10 events):
Event: 0.776 loading class java/time/temporal/ChronoUnit
Event: 0.776 loading class java/time/temporal/TemporalUnit
Event: 0.776 loading class java/time/temporal/TemporalUnit done
Event: 0.776 loading class java/time/temporal/ChronoUnit done
Event: 0.776 loading class java/time/Duration
Event: 0.776 loading class java/time/temporal/TemporalAmount
Event: 0.776 loading class java/time/temporal/TemporalAmount done
Event: 0.776 loading class java/time/Duration done
Event: 0.777 loading class org/lwjgl/opengl/GL$ICDStatic$WriteOnce
Event: 0.777 loading class org/lwjgl/opengl/GL$ICDStatic$WriteOnce done


Dynamic libraries:
0x00007ff6f73f0000 - 0x00007ff6f73ff000 	C:\Program Files\Java\jdk-11.0.9\bin\java.exe
0x00007ffe0f970000 - 0x00007ffe0fb65000 	C:\Windows\SYSTEM32\ntdll.dll
0x00007ffe0e250000 - 0x00007ffe0e30d000 	C:\Windows\System32\KERNEL32.DLL
0x00007ffe0d700000 - 0x00007ffe0d9c9000 	C:\Windows\System32\KERNELBASE.dll
0x00007ffe0d2c0000 - 0x00007ffe0d3c0000 	C:\Windows\System32\ucrtbase.dll
0x00007ffe08e80000 - 0x00007ffe08e98000 	C:\Program Files\Java\jdk-11.0.9\bin\jli.dll
0x00007ffe0e310000 - 0x00007ffe0e3bc000 	C:\Windows\System32\ADVAPI32.dll
0x00007ffe0f830000 - 0x00007ffe0f8ce000 	C:\Windows\System32\msvcrt.dll
0x00007ffe0e1b0000 - 0x00007ffe0e24c000 	C:\Windows\System32\sechost.dll
0x00007ffe0e3c0000 - 0x00007ffe0e4eb000 	C:\Windows\System32\RPCRT4.dll
0x00007ffe0ec70000 - 0x00007ffe0ee10000 	C:\Windows\System32\USER32.dll
0x00007ffe0d630000 - 0x00007ffe0d652000 	C:\Windows\System32\win32u.dll
0x00007ffe0ea60000 - 0x00007ffe0ea8a000 	C:\Windows\System32\GDI32.dll
0x00007ffe0d520000 - 0x00007ffe0d62b000 	C:\Windows\System32\gdi32full.dll
0x00007ffe0d660000 - 0x00007ffe0d6fd000 	C:\Windows\System32\msvcp_win.dll
0x00007ffded370000 - 0x00007ffded60a000 	C:\Windows\WinSxS\amd64_microsoft.windows.common-controls_6595b64144ccf1df_6.0.19041.844_none_ca00b6081b84eb1d\COMCTL32.dll
0x00007ffe06ae0000 - 0x00007ffe06aea000 	C:\Windows\SYSTEM32\VERSION.dll
0x00007ffe08ea0000 - 0x00007ffe08eb5000 	C:\Program Files\Java\jdk-11.0.9\bin\VCRUNTIME140.dll
0x00007ffe0e620000 - 0x00007ffe0e650000 	C:\Windows\System32\IMM32.DLL
0x00007ffdd9490000 - 0x00007ffdd952b000 	C:\Program Files\Java\jdk-11.0.9\bin\msvcp140.dll
0x00007ffd95d40000 - 0x00007ffd96837000 	C:\Program Files\Java\jdk-11.0.9\bin\server\jvm.dll
0x00007ffe0ec60000 - 0x00007ffe0ec68000 	C:\Windows\System32\PSAPI.DLL
0x00007ffdf4400000 - 0x00007ffdf4409000 	C:\Windows\SYSTEM32\WSOCK32.dll
0x00007ffdfd830000 - 0x00007ffdfd857000 	C:\Windows\SYSTEM32\WINMM.dll
0x00007ffe0e650000 - 0x00007ffe0e6bb000 	C:\Windows\System32\WS2_32.dll
0x00007ffe0aff0000 - 0x00007ffe0b002000 	C:\Windows\SYSTEM32\kernel.appcore.dll
0x00007ffe08ef0000 - 0x00007ffe08f00000 	C:\Program Files\Java\jdk-11.0.9\bin\verify.dll
0x00007ffdf67b0000 - 0x00007ffdf6994000 	C:\Windows\SYSTEM32\DBGHELP.DLL
0x00007ffdf66a0000 - 0x00007ffdf66cc000 	C:\Windows\SYSTEM32\dbgcore.DLL
0x00007ffe0d410000 - 0x00007ffe0d490000 	C:\Windows\System32\bcryptPrimitives.dll
0x00007ffdf6fa0000 - 0x00007ffdf6fc8000 	C:\Program Files\Java\jdk-11.0.9\bin\java.dll
0x00007ffdf6fe0000 - 0x00007ffdf6fea000 	C:\Program Files\Java\jdk-11.0.9\bin\jimage.dll
0x00007ffe08de0000 - 0x00007ffe08dee000 	C:\Program Files\Java\jdk-11.0.9\bin\instrument.dll
0x00007ffdf6f80000 - 0x00007ffdf6f96000 	C:\Program Files\Java\jdk-11.0.9\bin\zip.dll
0x00007ffe0da60000 - 0x00007ffe0e1a2000 	C:\Windows\System32\SHELL32.dll
0x00007ffe0b1f0000 - 0x00007ffe0b980000 	C:\Windows\SYSTEM32\windows.storage.dll
0x00007ffe0ee10000 - 0x00007ffe0f165000 	C:\Windows\System32\combase.dll
0x00007ffe0ca50000 - 0x00007ffe0ca7c000 	C:\Windows\SYSTEM32\Wldp.dll
0x00007ffe0f180000 - 0x00007ffe0f22e000 	C:\Windows\System32\SHCORE.dll
0x00007ffe0f230000 - 0x00007ffe0f285000 	C:\Windows\System32\shlwapi.dll
0x00007ffe0cff0000 - 0x00007ffe0d00f000 	C:\Windows\SYSTEM32\profapi.dll
0x00007ffdf6180000 - 0x00007ffdf6199000 	C:\Program Files\Java\jdk-11.0.9\bin\net.dll
0x00007ffe07de0000 - 0x00007ffe07eec000 	C:\Windows\SYSTEM32\WINHTTP.dll
0x00007ffe0c840000 - 0x00007ffe0c8aa000 	C:\Windows\system32\mswsock.dll
0x00007ffdf6160000 - 0x00007ffdf6172000 	C:\Program Files\Java\jdk-11.0.9\bin\nio.dll
0x00007ffdfccf0000 - 0x00007ffdfcd0a000 	C:\Users\ange\AppData\Local\JetBrains\Toolbox\apps\IDEA-U\ch-0\203.7148.57\bin\breakgen64.dll
0x00007ffdecbb0000 - 0x00007ffdecc14000 	C:\Users\ange\AppData\Local\Temp\lwjglange\3.2.3-build-13\lwjgl.dll
0x00007ffde7960000 - 0x00007ffde79c2000 	C:\Users\ange\AppData\Local\Temp\lwjglange\3.2.3-build-13\glfw.dll
0x00007ffe0aa90000 - 0x00007ffe0ab2e000 	C:\Windows\system32\uxtheme.dll
0x00007ffde7910000 - 0x00007ffde7955000 	C:\Windows\SYSTEM32\dinput8.dll
0x00007ffdc4740000 - 0x00007ffdc4751000 	C:\Windows\SYSTEM32\xinput1_4.dll
0x00007ffe0d3c0000 - 0x00007ffe0d40e000 	C:\Windows\System32\cfgmgr32.dll
0x00007ffe0ce60000 - 0x00007ffe0ce8c000 	C:\Windows\SYSTEM32\DEVOBJ.dll
0x00007ffe0ad00000 - 0x00007ffe0ad2f000 	C:\Windows\SYSTEM32\dwmapi.dll
0x00007ffe037d0000 - 0x00007ffe03922000 	C:\Windows\SYSTEM32\inputhost.dll
0x00007ffe0e6c0000 - 0x00007ffe0e78d000 	C:\Windows\System32\OLEAUT32.dll
0x00007ffe0a730000 - 0x00007ffe0a822000 	C:\Windows\SYSTEM32\CoreMessaging.dll
0x00007ffe085b0000 - 0x00007ffe086a7000 	C:\Windows\SYSTEM32\PROPSYS.dll
0x00007ffe09cb0000 - 0x00007ffe09e04000 	C:\Windows\SYSTEM32\wintypes.dll
0x00007ffe0a3d0000 - 0x00007ffe0a72e000 	C:\Windows\SYSTEM32\CoreUIComponents.dll
0x00007ffe0bdc0000 - 0x00007ffe0bdf3000 	C:\Windows\SYSTEM32\ntmarta.dll
0x00007ffe0e500000 - 0x00007ffe0e615000 	C:\Windows\System32\MSCTF.dll
0x00007ffe0b980000 - 0x00007ffe0b98d000 	C:\Windows\SYSTEM32\HID.DLL
0x00007ffe0f3c0000 - 0x00007ffe0f829000 	C:\Windows\System32\SETUPAPI.DLL
0x00007ffe0d490000 - 0x00007ffe0d4b7000 	C:\Windows\System32\bcrypt.dll
0x00007ffe0d4c0000 - 0x00007ffe0d520000 	C:\Windows\System32\WINTRUST.dll
0x00007ffe0d160000 - 0x00007ffe0d2bf000 	C:\Windows\System32\CRYPT32.dll
0x00007ffe0cca0000 - 0x00007ffe0ccb2000 	C:\Windows\SYSTEM32\MSASN1.dll
0x00007ffdd7500000 - 0x00007ffdd7626000 	C:\Windows\SYSTEM32\opengl32.dll
0x00007ffdf3cd0000 - 0x00007ffdf3cfc000 	C:\Windows\SYSTEM32\GLU32.dll
0x00007ffe0e930000 - 0x00007ffe0e9d9000 	C:\Windows\System32\clbcatq.dll
0x00007ffd9b120000 - 0x00007ffd9daa9000 	C:\Windows\System32\DriverStore\FileRepository\nv_dispi.inf_amd64_a51067c0ac557884\nvoglv64.dll
0x00007ffe0f290000 - 0x00007ffe0f3ba000 	C:\Windows\System32\ole32.dll
0x00007ffe08870000 - 0x00007ffe08884000 	C:\Windows\SYSTEM32\WTSAPI32.dll
0x00007ffe06aa0000 - 0x00007ffe06ad1000 	C:\Windows\SYSTEM32\cryptnet.dll
0x00007ffe0c9c0000 - 0x00007ffe0c9cc000 	C:\Windows\SYSTEM32\cryptbase.dll
0x00007ffe04b90000 - 0x00007ffe04bcb000 	C:\Windows\SYSTEM32\dxcore.dll
0x00007ffdcfde0000 - 0x00007ffdd0099000 	C:\Windows\system32\nvspcap64.dll
0x00007ffe0c620000 - 0x00007ffe0c66b000 	C:\Windows\SYSTEM32\powrprof.dll
0x00007ffe0c4e0000 - 0x00007ffe0c4f2000 	C:\Windows\SYSTEM32\UMPDC.dll
0x00007ffe0be30000 - 0x00007ffe0be8a000 	C:\Windows\SYSTEM32\WINSTA.dll
0x00007ffe04020000 - 0x00007ffe0411b000 	C:\Windows\SYSTEM32\textinputframework.dll
0x00007ffdd9340000 - 0x00007ffdd9399000 	C:\Users\ange\AppData\Local\Temp\lwjglange\3.2.3-build-13\lwjgl_opengl.dll
0x00007ffdd91a0000 - 0x00007ffdd9217000 	C:\Users\ange\AppData\Local\Temp\lwjglange\3.2.3-build-13\lwjgl_stb.dll

dbghelp: loaded successfully - version: 4.0.5 - missing functions: none
symbol engine: initialized successfully - sym options: 0x614 - pdb path: .;C:\Program Files\Java\jdk-11.0.9\bin;C:\Windows\SYSTEM32;C:\Windows\WinSxS\amd64_microsoft.windows.common-controls_6595b64144ccf1df_6.0.19041.844_none_ca00b6081b84eb1d;C:\Program Files\Java\jdk-11.0.9\bin\server;C:\Users\ange\AppData\Local\JetBrains\Toolbox\apps\IDEA-U\ch-0\203.7148.57\bin;C:\Users\ange\AppData\Local\Temp\lwjglange\3.2.3-build-13;C:\Windows\System32\DriverStore\FileRepository\nv_dispi.inf_amd64_a51067c0ac557884

VM Arguments:
jvm_args: -javaagent:C:\Users\ange\AppData\Local\JetBrains\Toolbox\apps\IDEA-U\ch-0\203.7148.57\lib\idea_rt.jar=52279:C:\Users\ange\AppData\Local\JetBrains\Toolbox\apps\IDEA-U\ch-0\203.7148.57\bin -Dfile.encoding=UTF-8 
java_command: MainKt
java_class_path (initial): C:\Users\ange\Documents\travail\testlg\build\classes\kotlin\main;C:\Users\ange\.gradle\caches\modules-2\files-2.1\org.jetbrains.kotlin\kotlin-stdlib-jdk8\1.4.31\e613be5465ef1e6fd0468707690b7ebf625ea2fe\kotlin-stdlib-jdk8-1.4.31.jar;C:\Users\ange\.gradle\caches\modules-2\files-2.1\org.joml\joml\1.9.2\b9db0f365d01b70d99a7a36819f42211b2f9bcf8\joml-1.9.2.jar;C:\Users\ange\.gradle\caches\modules-2\files-2.1\org.jetbrains.kotlin\kotlin-stdlib\1.4.31\a58e0fb9812a6a93ca24b5da75e4b5a0cb89c957\kotlin-stdlib-1.4.31.jar;C:\Users\ange\.gradle\caches\modules-2\files-2.1\org.lwjgl\lwjgl-assimp\3.2.3\f62aa07a20afbdd3097efc296c4841e0d29700eb\lwjgl-assimp-3.2.3.jar;C:\Users\ange\.gradle\caches\modules-2\files-2.1\org.lwjgl\lwjgl-glfw\3.2.3\5e520d5c290c8b012545a8d34fa5db5ab051ea53\lwjgl-glfw-3.2.3.jar;C:\Users\ange\.gradle\caches\modules-2\files-2.1\org.lwjgl\lwjgl-openal\3.2.3\106742e805803ab9eab8e343f0fb31a3d263903c\lwjgl-openal-3.2.3.jar;C:\Users\ange\.gradle\caches\modules-2\files-2.1\org.lwjgl\lwjgl-opengl\3.2.3\bdd534a323d0c8f54969b95e424b6ac8984f7d6e\lwjgl-opengl-3.2.3.jar;C:\Users\ange\.gradle\caches\modules-2\files-2.1\org.lwjgl\lwjgl-stb\3.2.3\40eccaa4fa86fc815f2e17946a392fb5fdcc286a\lwjgl-stb-3.2.3.jar;C:\Users\ange\.gradle\caches\modules-2\files-2.1\org.lwjgl\lwjgl\3.2.3\17a59ba0fe8d474ec9dbe0d5db40d2cfe59c4c08\lwjgl-3.2.3.jar;C:\Users\ange\.gradle\caches\modules-2\files-2.1\org.jetbrains.kotlin\kotlin-stdlib-jdk7\1.4.31\84ce8e85f6e84270b2b501d44e9f0ba6ff64fa71\kotlin-stdlib-jdk7-1.4.31.jar;C:\Users\ange\.gradle\caches\modules-2\files-2.1\org.jetbrains.kotlin\kotlin-stdlib-common\1.4.31\6dd50665802f54ba9bc3f70ecb20227d1bc81323\kotlin-stdlib-common-1.4.31.jar;C:\Users\ange\.gradle\caches\modules-2\files-2.1\org.jetbrains\annotations\13.0\919f0dfe192fb4e063e7dacadee7f8bb9a2672a9\annotations-13.0.jar;C:\Users\ange\.gradle\caches\modules-2\files-2.1\org.lwjgl\lwjgl-assimp\3.2.3\4e60aeb75f0343c4a9ede4ef8b6b32ca702a00a3\lwjgl-assimp-3.2.3-natives-win
Launcher Type: SUN_STANDARD

[Global flags]
     intx CICompilerCount                          = 4                                         {product} {ergonomic}
     uint ConcGCThreads                            = 3                                         {product} {ergonomic}
     uint G1ConcRefinementThreads                  = 10                                        {product} {ergonomic}
   size_t G1HeapRegionSize                         = 2097152                                   {product} {ergonomic}
    uintx GCDrainStackTargetSize                   = 64                                        {product} {ergonomic}
   size_t InitialHeapSize                          = 536870912                                 {product} {ergonomic}
   size_t MarkStackSize                            = 4194304                                   {product} {ergonomic}
   size_t MaxHeapSize                              = 8571060224                                {product} {ergonomic}
   size_t MaxNewSize                               = 5142216704                                {product} {ergonomic}
   size_t MinHeapDeltaBytes                        = 2097152                                   {product} {ergonomic}
    uintx NonNMethodCodeHeapSize                   = 5836300                                {pd product} {ergonomic}
    uintx NonProfiledCodeHeapSize                  = 122910970                              {pd product} {ergonomic}
    uintx ProfiledCodeHeapSize                     = 122910970                              {pd product} {ergonomic}
    uintx ReservedCodeCacheSize                    = 251658240                              {pd product} {ergonomic}
     bool SegmentedCodeCache                       = true                                      {product} {ergonomic}
     bool UseCompressedClassPointers               = true                                 {lp64_product} {ergonomic}
     bool UseCompressedOops                        = true                                 {lp64_product} {ergonomic}
     bool UseG1GC                                  = true                                      {product} {ergonomic}
     bool UseLargePagesIndividualAllocation        = false                                  {pd product} {ergonomic}

Logging:
Log output configuration:
 #0: stdout all=warning uptime,level,tags
 #1: stderr all=off uptime,level,tags

Environment Variables:
PATH=C:\Program Files (x86)\Razer\ChromaBroadcast\bin;C:\Program Files\Razer\ChromaBroadcast\bin;C:\Program Files\Common Files\Oracle\Java\javapath;C:\Windows\system32;C:\Windows;C:\Windows\System32\Wbem;C:\Windows\System32\WindowsPowerShell\v1.0\;C:\Windows\System32\OpenSSH\;C:\Program Files (x86)\NVIDIA Corporation\PhysX\Common;C:\Program Files\NVIDIA Corporation\NVIDIA NvDLISR;C:\Windows\system32\config\systemprofile\AppData\Local\Microsoft\WindowsApps;C:\Program Files\Git\cmd;C:\Program Files\Docker\Docker\resources\bin;C:\ProgramData\DockerDesktop\version-bin;C:\Users\ange\AppData\Local\Microsoft\WindowsApps;;C:\Program Files\JetBrains\IntelliJ IDEA Community Edition 2020.3.2\bin;
USERNAME=ange
OS=Windows_NT
PROCESSOR_IDENTIFIER=AMD64 Family 25 Model 33 Stepping 0, AuthenticAMD



---------------  S Y S T E M  ---------------

OS: Windows 10 , 64 bit Build 19041 (10.0.19041.804)
HyperV virtualization detected

CPU:total 12 (initial active 12) (12 cores per cpu, 2 threads per core) family 25 model 33 stepping 0, cmov, cx8, fxsr, mmx, sse, sse2, sse3, ssse3, sse4.1, sse4.2, popcnt, avx, avx2, aes, clmul, erms, mmxext, 3dnowpref, lzcnt, sse4a, ht, tsc, tscinvbit, tscinv, bmi1, bmi2, adx, sha, fma

Memory: 4k page, system-wide physical 32694M (21011M free)
TotalPageFile size 37558M (AvailPageFile size 21398M)
current process WorkingSet (physical memory assigned to process): 147M, peak: 147M
current process commit charge ("private bytes"): 710M, peak: 710M

vm_info: Java HotSpot(TM) 64-Bit Server VM (11.0.9+7-LTS) for windows-amd64 JRE (11.0.9+7-LTS), built on Sep 15 2020 16:47:03 by "mach5one" with MS VC++ 15.9 (VS2017)

END.
